#
# There is insufficient memory for the Java Runtime Environment to continue.
# Native memory allocation (malloc) failed to allocate 1527776 bytes for Chunk::new
# Possible reasons:
#   The system is out of physical RAM or swap space
#   In 32 bit mode, the process size limit was hit
# Possible solutions:
#   Reduce memory load on the system
#   Increase physical memory or swap space
#   Check if swap backing store is full
#   Use 64 bit Java on a 64 bit OS
#   Decrease Java heap size (-Xmx/-Xms)
#   Decrease number of Java threads
#   Decrease Java thread stack sizes (-Xss)
#   Set larger code cache with -XX:ReservedCodeCacheSize=
# This output file may be truncated or incomplete.
#
#  Out of Memory Error (allocation.cpp:323), pid=9888, tid=9140
#
# JRE version: Java(TM) SE Runtime Environment (7.0_79-b15) (build 1.7.0_79-b15)
# Java VM: Java HotSpot(TM) 64-Bit Server VM (24.79-b02 mixed mode windows-amd64 compressed oops)
# Failed to write core dump. Minidumps are not enabled by default on client versions of Windows
#

---------------  T H R E A D  ---------------

Current thread (0x00000000085ce800):  JavaThread "C2 CompilerThread1" daemon [_thread_in_native, id=9140, stack(0x0000000009c50000,0x0000000009d50000)]

Stack: [0x0000000009c50000,0x0000000009d50000]
[error occurred during error reporting (printing stack bounds), id 0xc0000005]


[error occurred during error reporting (printing native stack), id 0xc0000005]


Current CompileTask:
C2:   2318  272   !         com.android.dx.cf.code.BytecodeArray::parseInstruction (2764 bytes)


---------------  P R O C E S S  ---------------

Java Threads: ( => current thread )
  0x000000000a037000 JavaThread "pool-1-thread-4" [_thread_blocked, id=8744, stack(0x000000000a750000,0x000000000a850000)]
  0x000000000a036800 JavaThread "pool-1-thread-3" [_thread_blocked, id=8956, stack(0x000000000a650000,0x000000000a750000)]
  0x000000000a093800 JavaThread "pool-1-thread-2" [_thread_in_Java, id=8196, stack(0x000000000a550000,0x000000000a650000)]
  0x000000000a085000 JavaThread "pool-2-thread-1" [_thread_blocked, id=5404, stack(0x000000000a450000,0x000000000a550000)]
  0x000000000a084800 JavaThread "pool-1-thread-1" [_thread_in_Java, id=8524, stack(0x000000000a350000,0x000000000a450000)]
  0x00000000085d6800 JavaThread "Service Thread" daemon [_thread_blocked, id=3884, stack(0x0000000009d50000,0x0000000009e50000)]
=>0x00000000085ce800 JavaThread "C2 CompilerThread1" daemon [_thread_in_native, id=9140, stack(0x0000000009c50000,0x0000000009d50000)]
  0x00000000085c5000 JavaThread "C2 CompilerThread0" daemon [_thread_in_native, id=4396, stack(0x0000000009b50000,0x0000000009c50000)]
  0x00000000085c4000 JavaThread "Attach Listener" daemon [_thread_blocked, id=6852, stack(0x0000000009a50000,0x0000000009b50000)]
  0x00000000085c1000 JavaThread "Signal Dispatcher" daemon [_thread_blocked, id=216, stack(0x0000000009950000,0x0000000009a50000)]
  0x0000000008590000 JavaThread "Finalizer" daemon [_thread_blocked, id=8832, stack(0x0000000009850000,0x0000000009950000)]
  0x0000000008587000 JavaThread "Reference Handler" daemon [_thread_blocked, id=7520, stack(0x0000000009750000,0x0000000009850000)]
  0x00000000025ed800 JavaThread "main" [_thread_in_Java, id=10128, stack(0x00000000025f0000,0x00000000026f0000)]

Other Threads:
  0x0000000008583800 VMThread [stack: 0x0000000009650000,0x0000000009750000] [id=2272]
  0x00000000085e5000 WatcherThread [stack: 0x0000000009e50000,0x0000000009f50000] [id=7256]

VM state:not at safepoint (normal execution)

VM Mutex/Monitor currently owned by a thread: None

Heap
 PSYoungGen      total 38400K, used 23476K [0x00000000eaa80000, 0x00000000ed500000, 0x0000000100000000)
  eden space 33280K, 55% used [0x00000000eaa80000,0x00000000ebc70260,0x00000000ecb00000)
  from space 5120K, 99% used [0x00000000ecb00000,0x00000000ecffce00,0x00000000ed000000)
  to   space 5120K, 0% used [0x00000000ed000000,0x00000000ed000000,0x00000000ed500000)
 ParOldGen       total 86016K, used 1892K [0x00000000c0000000, 0x00000000c5400000, 0x00000000eaa80000)
  object space 86016K, 2% used [0x00000000c0000000,0x00000000c01d91e8,0x00000000c5400000)
 PSPermGen       total 21504K, used 5793K [0x00000000bae00000, 0x00000000bc300000, 0x00000000c0000000)
  object space 21504K, 26% used [0x00000000bae00000,0x00000000bb3a85d8,0x00000000bc300000)

Card table byte_map: [0x00000000057f0000,0x0000000005a20000] byte_map_base: 0x0000000005219000

Polling page: 0x0000000002440000

Code Cache  [0x00000000027f0000, 0x0000000002a60000, 0x00000000057f0000)
 total_blobs=508 nmethods=271 adapters=189 free_code_cache=48115Kb largest_free_block=49234176

Compilation events (10 events):
Event: 2.260 Thread 0x00000000085ce800 nmethod 267 0x00000000028e6ed0 code [0x00000000028e7000, 0x00000000028e7078]
Event: 2.260 Thread 0x00000000085ce800  268             java.util.ArrayList::subList (22 bytes)
Event: 2.262 Thread 0x00000000085ce800 nmethod 268 0x00000000028e6b10 code [0x00000000028e6c60, 0x00000000028e6d98]
Event: 2.262 Thread 0x00000000085ce800  269             java.util.ArrayList$SubList::<init> (46 bytes)
Event: 2.263 Thread 0x00000000085ce800 nmethod 269 0x00000000028e6890 code [0x00000000028e69c0, 0x00000000028e6a58]
Event: 2.263 Thread 0x00000000085ce800  270             com.android.dx.rop.code.BasicBlockList$RegCountVisitor::visitPlainInsn (6 bytes)
Event: 2.269 Thread 0x00000000085ce800 nmethod 270 0x00000000028e5e90 code [0x00000000028e6000, 0x00000000028e6298]
Event: 2.269 Thread 0x00000000085ce800  271   !         com.android.dx.ssa.LocalVariableInfo::getStarts0 (18 bytes)
Event: 2.269 Thread 0x00000000085ce800 nmethod 271 0x00000000028f1f90 code [0x00000000028f20c0, 0x00000000028f2158]
Event: 2.269 Thread 0x00000000085ce800  272   !         com.android.dx.cf.code.BytecodeArray::parseInstruction (2764 bytes)

GC Heap History (2 events):
Event: 1.882 GC heap before
{Heap before GC invocations=1 (full 0):
 PSYoungGen      total 38400K, used 33280K [0x00000000eaa80000, 0x00000000ed500000, 0x0000000100000000)
  eden space 33280K, 100% used [0x00000000eaa80000,0x00000000ecb00000,0x00000000ecb00000)
  from space 5120K, 0% used [0x00000000ed000000,0x00000000ed000000,0x00000000ed500000)
  to   space 5120K, 0% used [0x00000000ecb00000,0x00000000ecb00000,0x00000000ed000000)
 ParOldGen       total 86016K, used 0K [0x00000000c0000000, 0x00000000c5400000, 0x00000000eaa80000)
  object space 86016K, 0% used [0x00000000c0000000,0x00000000c0000000,0x00000000c5400000)
 PSPermGen       total 21504K, used 5747K [0x00000000bae00000, 0x00000000bc300000, 0x00000000c0000000)
  object space 21504K, 26% used [0x00000000bae00000,0x00000000bb39cd28,0x00000000bc300000)
Event: 1.902 GC heap after
Heap after GC invocations=1 (full 0):
 PSYoungGen      total 38400K, used 5107K [0x00000000eaa80000, 0x00000000ed500000, 0x0000000100000000)
  eden space 33280K, 0% used [0x00000000eaa80000,0x00000000eaa80000,0x00000000ecb00000)
  from space 5120K, 99% used [0x00000000ecb00000,0x00000000ecffce00,0x00000000ed000000)
  to   space 5120K, 0% used [0x00000000ed000000,0x00000000ed000000,0x00000000ed500000)
 ParOldGen       total 86016K, used 1892K [0x00000000c0000000, 0x00000000c5400000, 0x00000000eaa80000)
  object space 86016K, 2% used [0x00000000c0000000,0x00000000c01d91e8,0x00000000c5400000)
 PSPermGen       total 21504K, used 5747K [0x00000000bae00000, 0x00000000bc300000, 0x00000000c0000000)
  object space 21504K, 26% used [0x00000000bae00000,0x00000000bb39cd28,0x00000000bc300000)
}

Deoptimization events (10 events):
Event: 1.438 Thread 0x000000000a037000 Uncommon trap: reason=class_check action=maybe_recompile pc=0x000000000287b7d4 method=com.android.dx.rop.type.Type.equals(Ljava/lang/Object;)Z @ 8
Event: 1.501 Thread 0x000000000a036800 Uncommon trap: reason=class_check action=maybe_recompile pc=0x000000000287e618 method=com.android.dx.ssa.NormalSsaInsn.accept(Lcom/android/dx/ssa/SsaInsn$Visitor;)V @ 9
Event: 1.501 Thread 0x000000000a036800 Uncommon trap: reason=class_check action=maybe_recompile pc=0x0000000002862ef4 method=com.android.dx.ssa.NormalSsaInsn.accept(Lcom/android/dx/ssa/SsaInsn$Visitor;)V @ 9
Event: 1.502 Thread 0x000000000a036800 Uncommon trap: reason=class_check action=maybe_recompile pc=0x000000000287e618 method=com.android.dx.ssa.NormalSsaInsn.accept(Lcom/android/dx/ssa/SsaInsn$Visitor;)V @ 9
Event: 1.502 Thread 0x000000000a036800 Uncommon trap: reason=class_check action=maybe_recompile pc=0x0000000002862ef4 method=com.android.dx.ssa.NormalSsaInsn.accept(Lcom/android/dx/ssa/SsaInsn$Visitor;)V @ 9
Event: 1.502 Thread 0x000000000a036800 Uncommon trap: reason=class_check action=maybe_recompile pc=0x000000000287e618 method=com.android.dx.ssa.NormalSsaInsn.accept(Lcom/android/dx/ssa/SsaInsn$Visitor;)V @ 9
Event: 1.539 Thread 0x000000000a037000 Uncommon trap: reason=class_check action=maybe_recompile pc=0x000000000287b7d4 method=com.android.dx.rop.type.Type.equals(Ljava/lang/Object;)Z @ 8
Event: 1.676 Thread 0x000000000a084800 Uncommon trap: reason=null_check action=make_not_entrant pc=0x000000000287b7e4 method=com.android.dx.rop.type.Type.equals(Ljava/lang/Object;)Z @ 8
Event: 1.688 Thread 0x00000000025ed800 Uncommon trap: reason=unreached action=reinterpret pc=0x0000000002895630 method=com.android.dx.ssa.LocalVariableExtractor.processBlock(I)V @ 251
Event: 1.934 Thread 0x000000000a037000 Uncommon trap: reason=null_check action=make_not_entrant pc=0x00000000028aa4f0 method=com.android.dx.ssa.SsaRenamer.getLocalForNewReg(I)Lcom/android/dx/rop/code/LocalItem; @ 19

Internal exceptions (10 events):
Event: 1.112 Thread 0x000000000a093800 Threw 0x00000000eaf8a658 at C:\re\jdk7u79\2331\hotspot\src\share\vm\prims\jvm.cpp:1304
Event: 1.126 Thread 0x000000000a084800 Threw 0x00000000eb510450 at C:\re\jdk7u79\2331\hotspot\src\share\vm\prims\jvm.cpp:1304
Event: 1.146 Thread 0x000000000a093800 Threw 0x00000000eb6f7c00 at C:\re\jdk7u79\2331\hotspot\src\share\vm\prims\jvm.cpp:1304
Event: 1.196 Thread 0x000000000a093800 Threw 0x00000000eb6fd500 at C:\re\jdk7u79\2331\hotspot\src\share\vm\prims\jvm.cpp:1304
Event: 1.197 Thread 0x000000000a093800 Threw 0x00000000eb702ab8 at C:\re\jdk7u79\2331\hotspot\src\share\vm\prims\jvm.cpp:1304
Event: 1.284 Thread 0x000000000a037000 Implicit null exception at 0x000000000286e39b to 0x000000000286e781
Event: 1.565 Thread 0x000000000a037000 Threw 0x00000000ec2b5438 at C:\re\jdk7u79\2331\hotspot\src\share\vm\prims\jvm.cpp:1304
Event: 1.676 Thread 0x000000000a084800 Implicit null exception at 0x000000000287b6d2 to 0x000000000287b7d5
Event: 1.833 Thread 0x00000000025ed800 Threw 0x00000000ec9e11f0 at C:\re\jdk7u79\2331\hotspot\src\share\vm\prims\jvm.cpp:1304
Event: 1.934 Thread 0x000000000a037000 Implicit null exception at 0x00000000028a8fd8 to 0x00000000028aa4c1

Events (10 events):
Event: 1.688 Thread 0x00000000025ed800 Uncommon trap: trap_request=0xffffffad fr.pc=0x0000000002895630
Event: 1.688 Thread 0x00000000025ed800 DEOPT PACKING pc=0x0000000002895630 sp=0x00000000026ee590
Event: 1.688 Thread 0x00000000025ed800 DEOPT UNPACKING pc=0x00000000028275a4 sp=0x00000000026ee510 mode 2
Event: 1.832 loading class 0x0000000008614d90
Event: 1.832 loading class 0x0000000008614d90 done
Event: 1.866 Executing VM operation: ParallelGCFailedAllocation
Event: 1.902 Executing VM operation: ParallelGCFailedAllocation done
Event: 1.934 Thread 0x000000000a037000 Uncommon trap: trap_request=0xfffffff4 fr.pc=0x00000000028aa4f0
Event: 1.934 Thread 0x000000000a037000 DEOPT PACKING pc=0x00000000028aa4f0 sp=0x000000000a84eb30
Event: 1.934 Thread 0x000000000a037000 DEOPT UNPACKING pc=0x00000000028275a4 sp=0x000000000a84e8c8 mode 2


Dynamic libraries:
0x00007ff7a4530000 - 0x00007ff7a4563000 	C:\Program Files\Java\jdk1.7.0_79\bin\java.exe
0x00007ffc8a9a0000 - 0x00007ffc8ab62000 	C:\Windows\SYSTEM32\ntdll.dll
0x00007ffc89bb0000 - 0x00007ffc89c5d000 	C:\Windows\system32\KERNEL32.DLL
0x00007ffc87b50000 - 0x00007ffc87d2d000 	C:\Windows\system32\KERNELBASE.dll
0x00007ffc8a020000 - 0x00007ffc8a0c6000 	C:\Windows\system32\ADVAPI32.dll
0x00007ffc88080000 - 0x00007ffc8811d000 	C:\Windows\system32\msvcrt.dll
0x00007ffc8a230000 - 0x00007ffc8a28b000 	C:\Windows\system32\sechost.dll
0x00007ffc89ef0000 - 0x00007ffc8a016000 	C:\Windows\system32\RPCRT4.dll
0x00007ffc8a6c0000 - 0x00007ffc8a80e000 	C:\Windows\system32\USER32.dll
0x00007ffc8a810000 - 0x00007ffc8a996000 	C:\Windows\system32\GDI32.dll
0x00007ffc80b00000 - 0x00007ffc80d74000 	C:\Windows\WinSxS\amd64_microsoft.windows.common-controls_6595b64144ccf1df_6.0.10240.16384_none_f41f7b285750ef43\COMCTL32.dll
0x00007ffc89b10000 - 0x00007ffc89b46000 	C:\Windows\system32\IMM32.DLL
0x00007ffc8a0d0000 - 0x00007ffc8a22c000 	C:\Windows\system32\MSCTF.dll
0x00000000715a0000 - 0x0000000071672000 	C:\Program Files\Java\jdk1.7.0_79\jre\bin\msvcr100.dll
0x0000000071a30000 - 0x0000000072205000 	C:\Program Files\Java\jdk1.7.0_79\jre\bin\server\jvm.dll
0x00007ffc89710000 - 0x00007ffc89718000 	C:\Windows\system32\PSAPI.DLL
0x00007ffc855c0000 - 0x00007ffc855e3000 	C:\Windows\SYSTEM32\WINMM.dll
0x00007ffc7aec0000 - 0x00007ffc7aec9000 	C:\Windows\SYSTEM32\WSOCK32.dll
0x00007ffc89aa0000 - 0x00007ffc89b09000 	C:\Windows\system32\WS2_32.dll
0x00007ffc89ee0000 - 0x00007ffc89ee8000 	C:\Windows\system32\NSI.dll
0x00007ffc85250000 - 0x00007ffc8527c000 	C:\Windows\SYSTEM32\WINMMBASE.dll
0x00007ffc87e50000 - 0x00007ffc87e94000 	C:\Windows\system32\cfgmgr32.dll
0x00007ffc85ca0000 - 0x00007ffc85cc7000 	C:\Windows\SYSTEM32\DEVOBJ.dll
0x0000000071a20000 - 0x0000000071a2f000 	C:\Program Files\Java\jdk1.7.0_79\jre\bin\verify.dll
0x00000000719f0000 - 0x0000000071a18000 	C:\Program Files\Java\jdk1.7.0_79\jre\bin\java.dll
0x00000000719d0000 - 0x00000000719e5000 	C:\Program Files\Java\jdk1.7.0_79\jre\bin\zip.dll
0x00000000719b0000 - 0x00000000719ca000 	C:\Program Files\Java\jdk1.7.0_79\jre\bin\net.dll
0x00007ffc86be0000 - 0x00007ffc86c3d000 	C:\Windows\system32\mswsock.dll
0x0000000071990000 - 0x00000000719a1000 	C:\Program Files\Java\jdk1.7.0_79\jre\bin\nio.dll

VM Arguments:
jvm_args: -Djava.awt.headless=true -Xmx1024M -Dfile.encoding=windows-1252 -Duser.country=US -Duser.language=en -Duser.variant 
java_command: com.android.dx.command.Main --dex --num-threads=4 --output E:\IUIUCHATBOX\PixorAdmin\app\build\intermediates\pre-dexed\debug\com.android.support-recyclerview-v7-24.0.0_888b9942f9eb6de7fcb57483693d2498077b96fc.jar E:\IUIUCHATBOX\PixorAdmin\app\build\intermediates\exploded-aar\com.android.support\recyclerview-v7\24.0.0\jars\classes.jar
Launcher Type: SUN_STANDARD

Environment Variables:
PATH=C:\ProgramData\Oracle\Java\javapath;C:\Windows\system32;C:\Windows;C:\Windows\System32\Wbem;C:\Windows\System32\WindowsPowerShell\v1.0\;C:\Program Files\Microsoft SQL Server\110\Tools\Binn\;C:\Program Files (x86)\Skype\Phone\;C:\Program Files\Microsoft\Web Platform Installer\;C:\Program Files (x86)\Microsoft ASP.NET\ASP.NET Web Pages\v1.0\;C:\Program Files (x86)\Windows Kits\8.0\Windows Performance Toolkit\
USERNAME=HUZY_KAMZ
OS=Windows_NT
PROCESSOR_IDENTIFIER=Intel64 Family 6 Model 69 Stepping 1, GenuineIntel



---------------  S Y S T E M  ---------------

OS: Windows 8.1 , 64 bit Build 9600 

CPU:total 4 (2 cores per cpu, 2 threads per core) family 6 model 69 stepping 1, cmov, cx8, fxsr, mmx, sse, sse2, sse3, ssse3, sse4.1, sse4.2, popcnt, avx, avx2, aes, erms, ht, tsc, tscinvbit

Memory: 4k page, physical 8274284k(1276176k free), swap 8274284k(9356k free)

vm_info: Java HotSpot(TM) 64-Bit Server VM (24.79-b02) for windows-amd64 JRE (1.7.0_79-b15), built on Apr 10 2015 12:36:16 by "java_re" with unknown MS VC++:1600

time: Mon Oct 10 13:39:22 2016
elapsed time: 2 seconds

