#
# There is insufficient memory for the Java Runtime Environment to continue.
# Native memory allocation (malloc) failed to allocate 566336 bytes for Chunk::new
# Possible reasons:
#   The system is out of physical RAM or swap space
#   In 32 bit mode, the process size limit was hit
# Possible solutions:
#   Reduce memory load on the system
#   Increase physical memory or swap space
#   Check if swap backing store is full
#   Use 64 bit Java on a 64 bit OS
#   Decrease Java heap size (-Xmx/-Xms)
#   Decrease number of Java threads
#   Decrease Java thread stack sizes (-Xss)
#   Set larger code cache with -XX:ReservedCodeCacheSize=
# This output file may be truncated or incomplete.
#
#  Out of Memory Error (allocation.cpp:323), pid=10216, tid=8720
#
# JRE version: Java(TM) SE Runtime Environment (7.0_79-b15) (build 1.7.0_79-b15)
# Java VM: Java HotSpot(TM) 64-Bit Server VM (24.79-b02 mixed mode windows-amd64 compressed oops)
# Failed to write core dump. Minidumps are not enabled by default on client versions of Windows
#

---------------  T H R E A D  ---------------

Current thread (0x0000000008e7d800):  JavaThread "C2 CompilerThread1" daemon [_thread_in_native, id=8720, stack(0x000000000a500000,0x000000000a600000)]

Stack: [0x000000000a500000,0x000000000a600000]
[error occurred during error reporting (printing stack bounds), id 0xc0000005]


[error occurred during error reporting (printing native stack), id 0xc0000005]


Current CompileTask:
C2:   4383  140             com.android.dx.ssa.SsaConverter::placePhiFunctions (394 bytes)


---------------  P R O C E S S  ---------------

Java Threads: ( => current thread )
  0x000000000a92b800 JavaThread "pool-1-thread-4" [_thread_in_Java, id=9396, stack(0x000000000b000000,0x000000000b100000)]
  0x000000000a8e7000 JavaThread "pool-1-thread-3" [_thread_in_Java, id=7680, stack(0x000000000af00000,0x000000000b000000)]
  0x000000000a8e4000 JavaThread "pool-1-thread-2" [_thread_in_Java, id=2380, stack(0x000000000ae00000,0x000000000af00000)]
  0x000000000a8e1800 JavaThread "pool-2-thread-1" [_thread_blocked, id=8896, stack(0x000000000ad00000,0x000000000ae00000)]
  0x000000000a8eb000 JavaThread "pool-1-thread-1" [_thread_in_Java, id=1004, stack(0x000000000ac00000,0x000000000ad00000)]
  0x0000000008e86000 JavaThread "Service Thread" daemon [_thread_blocked, id=6676, stack(0x000000000a600000,0x000000000a700000)]
=>0x0000000008e7d800 JavaThread "C2 CompilerThread1" daemon [_thread_in_native, id=8720, stack(0x000000000a500000,0x000000000a600000)]
  0x0000000008e74000 JavaThread "C2 CompilerThread0" daemon [_thread_in_native, id=4584, stack(0x000000000a400000,0x000000000a500000)]
  0x0000000008e72800 JavaThread "Attach Listener" daemon [_thread_blocked, id=7884, stack(0x000000000a300000,0x000000000a400000)]
  0x0000000008e6f800 JavaThread "Signal Dispatcher" daemon [_thread_blocked, id=7444, stack(0x000000000a200000,0x000000000a300000)]
  0x0000000008e3f000 JavaThread "Finalizer" daemon [_thread_blocked, id=9560, stack(0x000000000a100000,0x000000000a200000)]
  0x0000000008e35800 JavaThread "Reference Handler" daemon [_thread_blocked, id=8056, stack(0x000000000a000000,0x000000000a100000)]
  0x0000000002c5d800 JavaThread "main" [_thread_in_Java, id=4036, stack(0x0000000002dc0000,0x0000000002ec0000)]

Other Threads:
  0x0000000008e31800 VMThread [stack: 0x0000000009f00000,0x000000000a000000] [id=4852]
  0x0000000008e94800 WatcherThread [stack: 0x000000000a700000,0x000000000a800000] [id=6468]

VM state:not at safepoint (normal execution)

VM Mutex/Monitor currently owned by a thread: None

Heap
 PSYoungGen      total 38400K, used 22010K [0x00000000eaa80000, 0x00000000ed500000, 0x0000000100000000)
  eden space 33280K, 66% used [0x00000000eaa80000,0x00000000ebffe840,0x00000000ecb00000)
  from space 5120K, 0% used [0x00000000ed000000,0x00000000ed000000,0x00000000ed500000)
  to   space 5120K, 0% used [0x00000000ecb00000,0x00000000ecb00000,0x00000000ed000000)
 ParOldGen       total 86016K, used 0K [0x00000000c0000000, 0x00000000c5400000, 0x00000000eaa80000)
  object space 86016K, 0% used [0x00000000c0000000,0x00000000c0000000,0x00000000c5400000)
 PSPermGen       total 21504K, used 5631K [0x00000000bae00000, 0x00000000bc300000, 0x00000000c0000000)
  object space 21504K, 26% used [0x00000000bae00000,0x00000000bb37fea8,0x00000000bc300000)

Card table byte_map: [0x0000000006080000,0x00000000062b0000] byte_map_base: 0x0000000005aa9000

Polling page: 0x00000000014e0000

Code Cache  [0x0000000002fc0000, 0x0000000003230000, 0x0000000005fc0000)
 total_blobs=387 nmethods=150 adapters=189 free_code_cache=48524Kb largest_free_block=49665344

Compilation events (10 events):
Event: 4.351 Thread 0x0000000008e74000 nmethod 148 0x0000000003060890 code [0x00000000030609e0, 0x0000000003060df8]
Event: 4.351 Thread 0x0000000008e74000  149  s          java.util.Vector::add (39 bytes)
Event: 4.354 Thread 0x0000000008e74000 nmethod 149 0x0000000003051f50 code [0x00000000030520a0, 0x0000000003052488]
Event: 4.354 Thread 0x0000000008e74000  150             com.android.dx.rop.code.Insn::<init> (69 bytes)
Event: 4.355 Thread 0x0000000008e74000 nmethod 150 0x0000000003060590 code [0x00000000030606c0, 0x00000000030607b8]
Event: 4.355 Thread 0x0000000008e74000  151             com.android.dx.ssa.SsaBasicBlock::getParent (5 bytes)
Event: 4.356 Thread 0x0000000008e74000 nmethod 151 0x0000000003060390 code [0x00000000030604c0, 0x0000000003060518]
Event: 4.356 Thread 0x0000000008e74000  152             com.android.dx.rop.code.BasicBlock::getSuccessors (5 bytes)
Event: 4.356 Thread 0x0000000008e74000 nmethod 152 0x0000000003060190 code [0x00000000030602c0, 0x0000000003060318]
Event: 4.356 Thread 0x0000000008e74000  153             com.android.dx.ssa.SsaMethod::mapRegisters (87 bytes)

GC Heap History (0 events):
No events

Deoptimization events (5 events):
Event: 3.931 Thread 0x000000000a8e7000 Uncommon trap: reason=null_check action=make_not_entrant pc=0x0000000003039398 method=com.android.dx.rop.code.LocalItem.equals(Ljava/lang/Object;)Z @ 1
Event: 4.012 Thread 0x000000000a8eb000 Uncommon trap: reason=class_check action=maybe_recompile pc=0x0000000003035bd8 method=com.android.dx.ssa.NormalSsaInsn.accept(Lcom/android/dx/ssa/SsaInsn$Visitor;)V @ 9
Event: 4.149 Thread 0x000000000a8eb000 Uncommon trap: reason=class_check action=maybe_recompile pc=0x0000000003035bd8 method=com.android.dx.ssa.NormalSsaInsn.accept(Lcom/android/dx/ssa/SsaInsn$Visitor;)V @ 9
Event: 4.166 Thread 0x000000000a92b800 Uncommon trap: reason=class_check action=maybe_recompile pc=0x0000000003035bd8 method=com.android.dx.ssa.NormalSsaInsn.accept(Lcom/android/dx/ssa/SsaInsn$Visitor;)V @ 9
Event: 4.167 Thread 0x0000000002c5d800 Uncommon trap: reason=class_check action=maybe_recompile pc=0x0000000003035bd8 method=com.android.dx.ssa.NormalSsaInsn.accept(Lcom/android/dx/ssa/SsaInsn$Visitor;)V @ 9

Internal exceptions (10 events):
Event: 3.565 Thread 0x000000000a8eb000 Threw 0x00000000eb45cb80 at C:\re\jdk7u79\2331\hotspot\src\share\vm\prims\jvm.cpp:1304
Event: 3.596 Thread 0x000000000a8eb000 Threw 0x00000000eb4656a8 at C:\re\jdk7u79\2331\hotspot\src\share\vm\prims\jvm.cpp:1304
Event: 3.597 Thread 0x000000000a8eb000 Threw 0x00000000eb46a960 at C:\re\jdk7u79\2331\hotspot\src\share\vm\prims\jvm.cpp:1304
Event: 3.599 Thread 0x000000000a8eb000 Threw 0x00000000eb46feb8 at C:\re\jdk7u79\2331\hotspot\src\share\vm\prims\jvm.cpp:1304
Event: 3.609 Thread 0x000000000a8e7000 Threw 0x00000000eaf88130 at C:\re\jdk7u79\2331\hotspot\src\share\vm\prims\jvm.cpp:1304
Event: 3.618 Thread 0x000000000a8e4000 Threw 0x00000000eaf0a708 at C:\re\jdk7u79\2331\hotspot\src\share\vm\prims\jvm.cpp:1304
Event: 3.622 Thread 0x000000000a8e4000 Threw 0x00000000eb4f8af8 at C:\re\jdk7u79\2331\hotspot\src\share\vm\prims\jvm.cpp:1304
Event: 3.625 Thread 0x000000000a8e7000 Threw 0x00000000eaf98c20 at C:\re\jdk7u79\2331\hotspot\src\share\vm\prims\jvm.cpp:1304
Event: 3.931 Thread 0x000000000a8e7000 Implicit null exception at 0x0000000003038f99 to 0x0000000003039385
Event: 4.319 Thread 0x000000000a8e7000 Threw 0x00000000ebc63a10 at C:\re\jdk7u79\2331\hotspot\src\share\vm\prims\jvm.cpp:1304

Events (10 events):
Event: 4.166 Thread 0x000000000a92b800 Uncommon trap: trap_request=0xffffffde fr.pc=0x0000000003035bd8
Event: 4.166 Thread 0x000000000a92b800 DEOPT PACKING pc=0x0000000003035bd8 sp=0x000000000b0fe870
Event: 4.166 Thread 0x000000000a92b800 DEOPT UNPACKING pc=0x0000000002ff75a4 sp=0x000000000b0fe7c0 mode 2
Event: 4.167 Thread 0x0000000002c5d800 Uncommon trap: trap_request=0xffffffde fr.pc=0x0000000003035bd8
Event: 4.167 Thread 0x0000000002c5d800 DEOPT PACKING pc=0x0000000003035bd8 sp=0x0000000002ebe2d0
Event: 4.167 Thread 0x0000000002c5d800 DEOPT UNPACKING pc=0x0000000002ff75a4 sp=0x0000000002ebe220 mode 2
Event: 4.319 loading class 0x000000000a88cf20
Event: 4.319 loading class 0x000000000a88cf20 done
Event: 4.321 Executing VM operation: EnableBiasedLocking
Event: 4.321 Executing VM operation: EnableBiasedLocking done


Dynamic libraries:
0x00007ff7a4530000 - 0x00007ff7a4563000 	C:\Program Files\Java\jdk1.7.0_79\bin\java.exe
0x00007ffc8a9a0000 - 0x00007ffc8ab62000 	C:\Windows\SYSTEM32\ntdll.dll
0x00007ffc89bb0000 - 0x00007ffc89c5d000 	C:\Windows\system32\KERNEL32.DLL
0x00007ffc87b50000 - 0x00007ffc87d2d000 	C:\Windows\system32\KERNELBASE.dll
0x00007ffc8a020000 - 0x00007ffc8a0c6000 	C:\Windows\system32\ADVAPI32.dll
0x00007ffc88080000 - 0x00007ffc8811d000 	C:\Windows\system32\msvcrt.dll
0x00007ffc8a230000 - 0x00007ffc8a28b000 	C:\Windows\system32\sechost.dll
0x00007ffc89ef0000 - 0x00007ffc8a016000 	C:\Windows\system32\RPCRT4.dll
0x00007ffc8a6c0000 - 0x00007ffc8a80e000 	C:\Windows\system32\USER32.dll
0x00007ffc8a810000 - 0x00007ffc8a996000 	C:\Windows\system32\GDI32.dll
0x00007ffc80b00000 - 0x00007ffc80d74000 	C:\Windows\WinSxS\amd64_microsoft.windows.common-controls_6595b64144ccf1df_6.0.10240.16384_none_f41f7b285750ef43\COMCTL32.dll
0x00007ffc89b10000 - 0x00007ffc89b46000 	C:\Windows\system32\IMM32.DLL
0x00007ffc8a0d0000 - 0x00007ffc8a22c000 	C:\Windows\system32\MSCTF.dll
0x00000000715a0000 - 0x0000000071672000 	C:\Program Files\Java\jdk1.7.0_79\jre\bin\msvcr100.dll
0x0000000071a30000 - 0x0000000072205000 	C:\Program Files\Java\jdk1.7.0_79\jre\bin\server\jvm.dll
0x00007ffc89710000 - 0x00007ffc89718000 	C:\Windows\system32\PSAPI.DLL
0x00007ffc7aec0000 - 0x00007ffc7aec9000 	C:\Windows\SYSTEM32\WSOCK32.dll
0x00007ffc89aa0000 - 0x00007ffc89b09000 	C:\Windows\system32\WS2_32.dll
0x00007ffc89ee0000 - 0x00007ffc89ee8000 	C:\Windows\system32\NSI.dll
0x00007ffc855c0000 - 0x00007ffc855e3000 	C:\Windows\SYSTEM32\WINMM.dll
0x00007ffc85250000 - 0x00007ffc8527c000 	C:\Windows\SYSTEM32\WINMMBASE.dll
0x00007ffc87e50000 - 0x00007ffc87e94000 	C:\Windows\system32\cfgmgr32.dll
0x00007ffc85ca0000 - 0x00007ffc85cc7000 	C:\Windows\SYSTEM32\DEVOBJ.dll
0x0000000071a20000 - 0x0000000071a2f000 	C:\Program Files\Java\jdk1.7.0_79\jre\bin\verify.dll
0x00000000719f0000 - 0x0000000071a18000 	C:\Program Files\Java\jdk1.7.0_79\jre\bin\java.dll
0x00000000719d0000 - 0x00000000719e5000 	C:\Program Files\Java\jdk1.7.0_79\jre\bin\zip.dll
0x00000000719b0000 - 0x00000000719ca000 	C:\Program Files\Java\jdk1.7.0_79\jre\bin\net.dll
0x00007ffc86be0000 - 0x00007ffc86c3d000 	C:\Windows\system32\mswsock.dll
0x0000000071990000 - 0x00000000719a1000 	C:\Program Files\Java\jdk1.7.0_79\jre\bin\nio.dll

VM Arguments:
jvm_args: -Djava.awt.headless=true -Xmx1024M -Dfile.encoding=windows-1252 -Duser.country=US -Duser.language=en -Duser.variant 
java_command: com.android.dx.command.Main --dex --num-threads=4 --output E:\IUIUCHATBOX\PixorAdmin\app\build\intermediates\pre-dexed\debug\okio-1.4.0_1bd04cacc5b950069179387713416c6d4d397487.jar C:\Users\HUZY_KAMZ\.gradle\caches\modules-2\files-2.1\com.squareup.okio\okio\1.4.0\5b72bf48563ea8410e650de14aa33ff69a3e8c35\okio-1.4.0.jar
Launcher Type: SUN_STANDARD

Environment Variables:
PATH=C:\ProgramData\Oracle\Java\javapath;C:\Windows\system32;C:\Windows;C:\Windows\System32\Wbem;C:\Windows\System32\WindowsPowerShell\v1.0\;C:\Program Files\Microsoft SQL Server\110\Tools\Binn\;C:\Program Files (x86)\Skype\Phone\;C:\Program Files\Microsoft\Web Platform Installer\;C:\Program Files (x86)\Microsoft ASP.NET\ASP.NET Web Pages\v1.0\;C:\Program Files (x86)\Windows Kits\8.0\Windows Performance Toolkit\
USERNAME=HUZY_KAMZ
OS=Windows_NT
PROCESSOR_IDENTIFIER=Intel64 Family 6 Model 69 Stepping 1, GenuineIntel



---------------  S Y S T E M  ---------------

OS: Windows 8.1 , 64 bit Build 9600 

CPU:total 4 (2 cores per cpu, 2 threads per core) family 6 model 69 stepping 1, cmov, cx8, fxsr, mmx, sse, sse2, sse3, ssse3, sse4.1, sse4.2, popcnt, avx, avx2, aes, erms, ht, tsc, tscinvbit

Memory: 4k page, physical 8274284k(1264972k free), swap 8274284k(5372k free)

vm_info: Java HotSpot(TM) 64-Bit Server VM (24.79-b02) for windows-amd64 JRE (1.7.0_79-b15), built on Apr 10 2015 12:36:16 by "java_re" with unknown MS VC++:1600

time: Mon Oct 10 13:39:17 2016
elapsed time: 4 seconds

