#
# There is insufficient memory for the Java Runtime Environment to continue.
# Native memory allocation (malloc) failed to allocate 1695216 bytes for Chunk::new
# Possible reasons:
#   The system is out of physical RAM or swap space
#   In 32 bit mode, the process size limit was hit
# Possible solutions:
#   Reduce memory load on the system
#   Increase physical memory or swap space
#   Check if swap backing store is full
#   Use 64 bit Java on a 64 bit OS
#   Decrease Java heap size (-Xmx/-Xms)
#   Decrease number of Java threads
#   Decrease Java thread stack sizes (-Xss)
#   Set larger code cache with -XX:ReservedCodeCacheSize=
# This output file may be truncated or incomplete.
#
#  Out of Memory Error (allocation.cpp:323), pid=5764, tid=9012
#
# JRE version: Java(TM) SE Runtime Environment (7.0_79-b15) (build 1.7.0_79-b15)
# Java VM: Java HotSpot(TM) 64-Bit Server VM (24.79-b02 mixed mode windows-amd64 compressed oops)
# Failed to write core dump. Minidumps are not enabled by default on client versions of Windows
#

---------------  T H R E A D  ---------------

Current thread (0x00000000082dd800):  JavaThread "C2 CompilerThread1" daemon [_thread_in_native, id=9012, stack(0x0000000009950000,0x0000000009a50000)]

Stack: [0x0000000009950000,0x0000000009a50000]
[error occurred during error reporting (printing stack bounds), id 0xc0000005]


Current CompileTask:
C2:   2039  188             com.android.dx.ssa.SCCP::run (298 bytes)


---------------  P R O C E S S  ---------------

Java Threads: ( => current thread )
  0x0000000009dd8000 JavaThread "pool-1-thread-4" [_thread_in_Java, id=7224, stack(0x000000000a450000,0x000000000a550000)]
  0x0000000009d6c800 JavaThread "pool-1-thread-3" [_thread_in_vm, id=10060, stack(0x000000000a350000,0x000000000a450000)]
  0x0000000009dd4800 JavaThread "pool-1-thread-2" [_thread_in_Java, id=8964, stack(0x000000000a250000,0x000000000a350000)]
  0x0000000009d0d800 JavaThread "pool-2-thread-1" [_thread_blocked, id=4692, stack(0x000000000a150000,0x000000000a250000)]
  0x0000000008320800 JavaThread "pool-1-thread-1" [_thread_in_Java, id=9052, stack(0x000000000a050000,0x000000000a150000)]
  0x00000000082e5800 JavaThread "Service Thread" daemon [_thread_blocked, id=5048, stack(0x0000000009a50000,0x0000000009b50000)]
=>0x00000000082dd800 JavaThread "C2 CompilerThread1" daemon [_thread_in_native, id=9012, stack(0x0000000009950000,0x0000000009a50000)]
  0x00000000082d3800 JavaThread "C2 CompilerThread0" daemon [_thread_in_native, id=8868, stack(0x0000000009850000,0x0000000009950000)]
  0x00000000082d2800 JavaThread "Attach Listener" daemon [_thread_blocked, id=8892, stack(0x0000000009750000,0x0000000009850000)]
  0x00000000082cf800 JavaThread "Signal Dispatcher" daemon [_thread_blocked, id=3768, stack(0x0000000009650000,0x0000000009750000)]
  0x000000000829e800 JavaThread "Finalizer" daemon [_thread_blocked, id=6684, stack(0x0000000009550000,0x0000000009650000)]
  0x0000000008295800 JavaThread "Reference Handler" daemon [_thread_blocked, id=8032, stack(0x0000000009450000,0x0000000009550000)]
  0x00000000021fd800 JavaThread "main" [_thread_in_Java, id=9464, stack(0x0000000002200000,0x0000000002300000)]

Other Threads:
  0x0000000008291800 VMThread [stack: 0x0000000009350000,0x0000000009450000] [id=4900]
  0x00000000082f4000 WatcherThread [stack: 0x0000000009b50000,0x0000000009c50000] [id=5312]

VM state:not at safepoint (normal execution)

VM Mutex/Monitor currently owned by a thread: None

Heap
 PSYoungGen      total 38400K, used 28297K [0x00000000eaa80000, 0x00000000ed500000, 0x0000000100000000)
  eden space 33280K, 85% used [0x00000000eaa80000,0x00000000ec622710,0x00000000ecb00000)
  from space 5120K, 0% used [0x00000000ed000000,0x00000000ed000000,0x00000000ed500000)
  to   space 5120K, 0% used [0x00000000ecb00000,0x00000000ecb00000,0x00000000ed000000)
 ParOldGen       total 86016K, used 0K [0x00000000c0000000, 0x00000000c5400000, 0x00000000eaa80000)
  object space 86016K, 0% used [0x00000000c0000000,0x00000000c0000000,0x00000000c5400000)
 PSPermGen       total 21504K, used 5709K [0x00000000bae00000, 0x00000000bc300000, 0x00000000c0000000)
  object space 21504K, 26% used [0x00000000bae00000,0x00000000bb393558,0x00000000bc300000)

Card table byte_map: [0x0000000005500000,0x0000000005730000] byte_map_base: 0x0000000004f29000

Polling page: 0x00000000008f0000

Code Cache  [0x0000000002500000, 0x0000000002770000, 0x0000000005500000)
 total_blobs=439 nmethods=202 adapters=189 free_code_cache=48339Kb largest_free_block=49475264

Compilation events (10 events):
Event: 2.025 Thread 0x00000000082d3800 nmethod 199 0x00000000025cd610 code [0x00000000025cd760, 0x00000000025cd8b8]
Event: 2.025 Thread 0x00000000082d3800  200             com.android.dx.dex.code.ZeroSizeInsn::<init> (12 bytes)
Event: 2.026 Thread 0x00000000082d3800 nmethod 200 0x00000000025a4cd0 code [0x00000000025a4e20, 0x00000000025a4eb8]
Event: 2.026 Thread 0x00000000082d3800  201             com.android.dx.rop.code.PlainInsn::<init> (73 bytes)
Event: 2.028 Thread 0x00000000082d3800 nmethod 201 0x00000000025cd210 code [0x00000000025cd360, 0x00000000025cd498]
Event: 2.028 Thread 0x00000000082d3800  202             com.android.dx.rop.code.InsnList::set (7 bytes)
Event: 2.029 Thread 0x00000000082d3800 nmethod 202 0x00000000025cce50 code [0x00000000025ccfa0, 0x00000000025cd098]
Event: 2.029 Thread 0x00000000082d3800  203             com.android.dx.ssa.SsaBasicBlock::forEachPhiInsn (54 bytes)
Event: 2.036 Thread 0x00000000082d3800 nmethod 203 0x00000000025cc390 code [0x00000000025cc520, 0x00000000025cc8e8]
Event: 2.036 Thread 0x00000000082d3800  204   !         com.android.dx.rop.code.BasicBlock::<init> (273 bytes)

GC Heap History (0 events):
No events

Deoptimization events (7 events):
Event: 1.322 Thread 0x0000000008320800 Uncommon trap: reason=class_check action=maybe_recompile pc=0x0000000002574774 method=com.android.dx.ssa.NormalSsaInsn.accept(Lcom/android/dx/ssa/SsaInsn$Visitor;)V @ 9
Event: 1.323 Thread 0x0000000009dd4800 Uncommon trap: reason=class_check action=maybe_recompile pc=0x0000000002574774 method=com.android.dx.ssa.NormalSsaInsn.accept(Lcom/android/dx/ssa/SsaInsn$Visitor;)V @ 9
Event: 1.387 Thread 0x00000000021fd800 Uncommon trap: reason=class_check action=maybe_recompile pc=0x0000000002574774 method=com.android.dx.ssa.NormalSsaInsn.accept(Lcom/android/dx/ssa/SsaInsn$Visitor;)V @ 9
Event: 1.387 Thread 0x00000000021fd800 Uncommon trap: reason=class_check action=maybe_recompile pc=0x0000000002574774 method=com.android.dx.ssa.NormalSsaInsn.accept(Lcom/android/dx/ssa/SsaInsn$Visitor;)V @ 9
Event: 1.665 Thread 0x0000000009d6c800 Uncommon trap: reason=unreached action=reinterpret pc=0x000000000258ff84 method=com.android.dx.rop.code.RegisterSpec.intersect(Lcom/android/dx/rop/code/RegisterSpec;Z)Lcom/android/dx/rop/code/RegisterSpec; @ 8
Event: 1.901 Thread 0x0000000009dd4800 Uncommon trap: reason=null_check action=make_not_entrant pc=0x00000000025bdda4 method=com.android.dx.ssa.SsaRenamer.getLocalForNewReg(I)Lcom/android/dx/rop/code/LocalItem; @ 19
Event: 1.992 Thread 0x0000000009dd8000 Uncommon trap: reason=unreached action=reinterpret pc=0x0000000002591f44 method=com.android.dx.rop.cst.Constant.compareTo(Lcom/android/dx/rop/cst/Constant;)I @ 12

Internal exceptions (10 events):
Event: 1.240 Thread 0x0000000009dd4800 Threw 0x00000000eb1aa530 at C:\re\jdk7u79\2331\hotspot\src\share\vm\prims\jvm.cpp:1304
Event: 1.241 Thread 0x0000000009d6c800 Threw 0x00000000eb3d3ae0 at C:\re\jdk7u79\2331\hotspot\src\share\vm\prims\jvm.cpp:1304
Event: 1.243 Thread 0x0000000009dd4800 Threw 0x00000000eb1b12f8 at C:\re\jdk7u79\2331\hotspot\src\share\vm\prims\jvm.cpp:1304
Event: 1.250 Thread 0x0000000009dd4800 Threw 0x00000000eb54ba10 at C:\re\jdk7u79\2331\hotspot\src\share\vm\prims\jvm.cpp:1304
Event: 1.260 Thread 0x0000000009dd4800 Threw 0x00000000eb55b2f0 at C:\re\jdk7u79\2331\hotspot\src\share\vm\prims\jvm.cpp:1304
Event: 1.689 Thread 0x00000000021fd800 Threw 0x00000000ebda0140 at C:\re\jdk7u79\2331\hotspot\src\share\vm\prims\jvm.cpp:1304
Event: 1.719 Thread 0x00000000021fd800 Threw 0x00000000ebff3b68 at C:\re\jdk7u79\2331\hotspot\src\share\vm\prims\jvm.cpp:1304
Event: 1.722 Thread 0x00000000021fd800 Threw 0x00000000ebffdb18 at C:\re\jdk7u79\2331\hotspot\src\share\vm\prims\jvm.cpp:1304
Event: 1.723 Thread 0x00000000021fd800 Threw 0x00000000ebffffb0 at C:\re\jdk7u79\2331\hotspot\src\share\vm\prims\jvm.cpp:1304
Event: 1.901 Thread 0x0000000009dd4800 Implicit null exception at 0x00000000025bcc40 to 0x00000000025bdd75

Events (10 events):
Event: 1.720 loading class 0x0000000009c93310
Event: 1.720 loading class 0x0000000009c93310 done
Event: 1.722 loading class 0x0000000009ee3790
Event: 1.722 loading class 0x0000000009ee3790 done
Event: 1.901 Thread 0x0000000009dd4800 Uncommon trap: trap_request=0xfffffff4 fr.pc=0x00000000025bdda4
Event: 1.901 Thread 0x0000000009dd4800 DEOPT PACKING pc=0x00000000025bdda4 sp=0x000000000a34e790
Event: 1.901 Thread 0x0000000009dd4800 DEOPT UNPACKING pc=0x00000000025375a4 sp=0x000000000a34e528 mode 2
Event: 1.992 Thread 0x0000000009dd8000 Uncommon trap: trap_request=0xffffffad fr.pc=0x0000000002591f44
Event: 1.992 Thread 0x0000000009dd8000 DEOPT PACKING pc=0x0000000002591f44 sp=0x000000000a54e480
Event: 1.992 Thread 0x0000000009dd8000 DEOPT UNPACKING pc=0x00000000025375a4 sp=0x000000000a54e420 mode 2


Dynamic libraries:
0x00007ff7a4530000 - 0x00007ff7a4563000 	C:\Program Files\Java\jdk1.7.0_79\bin\java.exe
0x00007ffc8a9a0000 - 0x00007ffc8ab62000 	C:\Windows\SYSTEM32\ntdll.dll
0x00007ffc89bb0000 - 0x00007ffc89c5d000 	C:\Windows\system32\KERNEL32.DLL
0x00007ffc87b50000 - 0x00007ffc87d2d000 	C:\Windows\system32\KERNELBASE.dll
0x00007ffc8a020000 - 0x00007ffc8a0c6000 	C:\Windows\system32\ADVAPI32.dll
0x00007ffc88080000 - 0x00007ffc8811d000 	C:\Windows\system32\msvcrt.dll
0x00007ffc8a230000 - 0x00007ffc8a28b000 	C:\Windows\system32\sechost.dll
0x00007ffc89ef0000 - 0x00007ffc8a016000 	C:\Windows\system32\RPCRT4.dll
0x00007ffc8a6c0000 - 0x00007ffc8a80e000 	C:\Windows\system32\USER32.dll
0x00007ffc8a810000 - 0x00007ffc8a996000 	C:\Windows\system32\GDI32.dll
0x00007ffc80b00000 - 0x00007ffc80d74000 	C:\Windows\WinSxS\amd64_microsoft.windows.common-controls_6595b64144ccf1df_6.0.10240.16384_none_f41f7b285750ef43\COMCTL32.dll
0x00007ffc89b10000 - 0x00007ffc89b46000 	C:\Windows\system32\IMM32.DLL
0x00007ffc8a0d0000 - 0x00007ffc8a22c000 	C:\Windows\system32\MSCTF.dll
0x00000000715a0000 - 0x0000000071672000 	C:\Program Files\Java\jdk1.7.0_79\jre\bin\msvcr100.dll
0x0000000071a30000 - 0x0000000072205000 	C:\Program Files\Java\jdk1.7.0_79\jre\bin\server\jvm.dll
0x00007ffc89710000 - 0x00007ffc89718000 	C:\Windows\system32\PSAPI.DLL
0x00007ffc7aec0000 - 0x00007ffc7aec9000 	C:\Windows\SYSTEM32\WSOCK32.dll
0x00007ffc89aa0000 - 0x00007ffc89b09000 	C:\Windows\system32\WS2_32.dll
0x00007ffc89ee0000 - 0x00007ffc89ee8000 	C:\Windows\system32\NSI.dll
0x00007ffc855c0000 - 0x00007ffc855e3000 	C:\Windows\SYSTEM32\WINMM.dll
0x00007ffc85250000 - 0x00007ffc8527c000 	C:\Windows\SYSTEM32\WINMMBASE.dll
0x00007ffc87e50000 - 0x00007ffc87e94000 	C:\Windows\system32\cfgmgr32.dll
0x00007ffc85ca0000 - 0x00007ffc85cc7000 	C:\Windows\SYSTEM32\DEVOBJ.dll
0x0000000071a20000 - 0x0000000071a2f000 	C:\Program Files\Java\jdk1.7.0_79\jre\bin\verify.dll
0x00000000719f0000 - 0x0000000071a18000 	C:\Program Files\Java\jdk1.7.0_79\jre\bin\java.dll
0x00000000719d0000 - 0x00000000719e5000 	C:\Program Files\Java\jdk1.7.0_79\jre\bin\zip.dll
0x00000000719b0000 - 0x00000000719ca000 	C:\Program Files\Java\jdk1.7.0_79\jre\bin\net.dll
0x00007ffc86be0000 - 0x00007ffc86c3d000 	C:\Windows\system32\mswsock.dll
0x0000000071990000 - 0x00000000719a1000 	C:\Program Files\Java\jdk1.7.0_79\jre\bin\nio.dll

VM Arguments:
jvm_args: -Djava.awt.headless=true -Xmx1024M -Dfile.encoding=windows-1252 -Duser.country=US -Duser.language=en -Duser.variant 
java_command: com.android.dx.command.Main --dex --num-threads=4 --output E:\IUIUCHATBOX\PixorAdmin\app\build\intermediates\pre-dexed\debug\okhttp-2.4.0_d15e826dfcf4d70ef4043af33093ffca62338c68.jar C:\Users\HUZY_KAMZ\.gradle\caches\modules-2\files-2.1\com.squareup.okhttp\okhttp\2.4.0\40340c0748190fe897baf7bffbc1b282734294e5\okhttp-2.4.0.jar
Launcher Type: SUN_STANDARD

Environment Variables:
PATH=C:\ProgramData\Oracle\Java\javapath;C:\Windows\system32;C:\Windows;C:\Windows\System32\Wbem;C:\Windows\System32\WindowsPowerShell\v1.0\;C:\Program Files\Microsoft SQL Server\110\Tools\Binn\;C:\Program Files (x86)\Skype\Phone\;C:\Program Files\Microsoft\Web Platform Installer\;C:\Program Files (x86)\Microsoft ASP.NET\ASP.NET Web Pages\v1.0\;C:\Program Files (x86)\Windows Kits\8.0\Windows Performance Toolkit\
USERNAME=HUZY_KAMZ
OS=Windows_NT
PROCESSOR_IDENTIFIER=Intel64 Family 6 Model 69 Stepping 1, GenuineIntel



---------------  S Y S T E M  ---------------

OS: Windows 8.1 , 64 bit Build 9600 

CPU:total 4 (2 cores per cpu, 2 threads per core) family 6 model 69 stepping 1, cmov, cx8, fxsr, mmx, sse, sse2, sse3, ssse3, sse4.1, sse4.2, popcnt, avx, avx2, aes, erms, ht, tsc, tscinvbit

Memory: 4k page, physical 8274284k(1274000k free), swap 8274284k(6144k free)

vm_info: Java HotSpot(TM) 64-Bit Server VM (24.79-b02) for windows-amd64 JRE (1.7.0_79-b15), built on Apr 10 2015 12:36:16 by "java_re" with unknown MS VC++:1600

time: Mon Oct 10 13:39:21 2016
elapsed time: 2 seconds

