#
# There is insufficient memory for the Java Runtime Environment to continue.
# Native memory allocation (malloc) failed to allocate 848336 bytes for Chunk::new
# Possible reasons:
#   The system is out of physical RAM or swap space
#   In 32 bit mode, the process size limit was hit
# Possible solutions:
#   Reduce memory load on the system
#   Increase physical memory or swap space
#   Check if swap backing store is full
#   Use 64 bit Java on a 64 bit OS
#   Decrease Java heap size (-Xmx/-Xms)
#   Decrease number of Java threads
#   Decrease Java thread stack sizes (-Xss)
#   Set larger code cache with -XX:ReservedCodeCacheSize=
# This output file may be truncated or incomplete.
#
#  Out of Memory Error (allocation.cpp:323), pid=9608, tid=468
#
# JRE version: Java(TM) SE Runtime Environment (7.0_79-b15) (build 1.7.0_79-b15)
# Java VM: Java HotSpot(TM) 64-Bit Server VM (24.79-b02 mixed mode windows-amd64 compressed oops)
# Failed to write core dump. Minidumps are not enabled by default on client versions of Windows
#

---------------  T H R E A D  ---------------

Current thread (0x000000000889e000):  JavaThread "C2 CompilerThread1" daemon [_thread_in_native, id=468, stack(0x0000000009f00000,0x000000000a000000)]

Stack: [0x0000000009f00000,0x000000000a000000]
[error occurred during error reporting (printing stack bounds), id 0xc0000005]


Current CompileTask:
C2:   2272  237   !         com.android.dx.cf.code.Ropper::processBlock (1101 bytes)


---------------  P R O C E S S  ---------------

Java Threads: ( => current thread )
  0x000000000a3d3800 JavaThread "pool-1-thread-4" [_thread_in_Java, id=7780, stack(0x000000000aa00000,0x000000000ab00000)]
  0x000000000a3f3000 JavaThread "pool-1-thread-3" [_thread_in_Java, id=1296, stack(0x000000000a900000,0x000000000aa00000)]
  0x000000000a3f0800 JavaThread "pool-1-thread-2" [_thread_in_Java, id=5368, stack(0x000000000a800000,0x000000000a900000)]
  0x000000000a3f4000 JavaThread "pool-2-thread-1" [_thread_blocked, id=7940, stack(0x000000000a700000,0x000000000a800000)]
  0x000000000a256000 JavaThread "pool-1-thread-1" [_thread_in_Java, id=8664, stack(0x000000000a600000,0x000000000a700000)]
  0x00000000088a4000 JavaThread "Service Thread" daemon [_thread_blocked, id=8908, stack(0x000000000a000000,0x000000000a100000)]
=>0x000000000889e000 JavaThread "C2 CompilerThread1" daemon [_thread_in_native, id=468, stack(0x0000000009f00000,0x000000000a000000)]
  0x0000000008894000 JavaThread "C2 CompilerThread0" daemon [_thread_in_native, id=9304, stack(0x0000000009e00000,0x0000000009f00000)]
  0x0000000008893000 JavaThread "Attach Listener" daemon [_thread_blocked, id=6256, stack(0x0000000009d00000,0x0000000009e00000)]
  0x0000000008890000 JavaThread "Signal Dispatcher" daemon [_thread_blocked, id=8884, stack(0x0000000009c00000,0x0000000009d00000)]
  0x000000000885e800 JavaThread "Finalizer" daemon [_thread_blocked, id=8540, stack(0x0000000009b00000,0x0000000009c00000)]
  0x0000000008855800 JavaThread "Reference Handler" daemon [_thread_blocked, id=4864, stack(0x0000000009a00000,0x0000000009b00000)]
  0x00000000028cd800 JavaThread "main" [_thread_in_vm, id=9576, stack(0x0000000002660000,0x0000000002760000)]

Other Threads:
  0x0000000008851800 VMThread [stack: 0x0000000009900000,0x0000000009a00000] [id=5340]
  0x00000000088b2800 WatcherThread [stack: 0x000000000a100000,0x000000000a200000] [id=9104]

VM state:not at safepoint (normal execution)

VM Mutex/Monitor currently owned by a thread: None

Heap
 PSYoungGen      total 38400K, used 31619K [0x00000000eaa80000, 0x00000000ef580000, 0x0000000100000000)
  eden space 33280K, 79% used [0x00000000eaa80000,0x00000000ec462270,0x00000000ecb00000)
  from space 5120K, 99% used [0x00000000ecb00000,0x00000000ecffeaa8,0x00000000ed000000)
  to   space 5120K, 0% used [0x00000000ef080000,0x00000000ef080000,0x00000000ef580000)
 ParOldGen       total 86016K, used 2000K [0x00000000c0000000, 0x00000000c5400000, 0x00000000eaa80000)
  object space 86016K, 2% used [0x00000000c0000000,0x00000000c01f40b8,0x00000000c5400000)
 PSPermGen       total 21504K, used 5814K [0x00000000bae00000, 0x00000000bc300000, 0x00000000c0000000)
  object space 21504K, 27% used [0x00000000bae00000,0x00000000bb3ad978,0x00000000bc300000)

Card table byte_map: [0x0000000005a90000,0x0000000005cc0000] byte_map_base: 0x00000000054b9000

Polling page: 0x0000000002870000

Code Cache  [0x00000000029d0000, 0x0000000002c40000, 0x00000000059d0000)
 total_blobs=474 nmethods=237 adapters=189 free_code_cache=48184Kb largest_free_block=49303872

Compilation events (10 events):
Event: 2.196 Thread 0x000000000889e000 nmethod 231 0x0000000002aaf090 code [0x0000000002aaf1e0, 0x0000000002aaf278]
Event: 2.196 Thread 0x000000000889e000  232             com.android.dx.util.BitIntSet::<init> (13 bytes)
Event: 2.197 Thread 0x000000000889e000 nmethod 232 0x0000000002aaed50 code [0x0000000002aaeea0, 0x0000000002aaefb8]
Event: 2.197 Thread 0x000000000889e000  233             java.util.HashMap$Entry::<init> (26 bytes)
Event: 2.198 Thread 0x000000000889e000 nmethod 233 0x0000000002a7d510 code [0x0000000002a7d640, 0x0000000002a7d6b8]
Event: 2.198 Thread 0x000000000889e000  234             java.util.HashMap::createEntry (39 bytes)
Event: 2.200 Thread 0x000000000889e000 nmethod 234 0x0000000002aae910 code [0x0000000002aaea60, 0x0000000002aaebf8]
Event: 2.200 Thread 0x000000000889e000  235   !         com.android.dx.rop.type.Type::intern (319 bytes)
Event: 2.225 Thread 0x000000000889e000 nmethod 235 0x0000000002ac9390 code [0x0000000002ac95a0, 0x0000000002aca5d0]
Event: 2.225 Thread 0x000000000889e000  237   !         com.android.dx.cf.code.Ropper::processBlock (1101 bytes)

GC Heap History (2 events):
Event: 1.571 GC heap before
{Heap before GC invocations=1 (full 0):
 PSYoungGen      total 38400K, used 33280K [0x00000000eaa80000, 0x00000000ed500000, 0x0000000100000000)
  eden space 33280K, 100% used [0x00000000eaa80000,0x00000000ecb00000,0x00000000ecb00000)
  from space 5120K, 0% used [0x00000000ed000000,0x00000000ed000000,0x00000000ed500000)
  to   space 5120K, 0% used [0x00000000ecb00000,0x00000000ecb00000,0x00000000ed000000)
 ParOldGen       total 86016K, used 0K [0x00000000c0000000, 0x00000000c5400000, 0x00000000eaa80000)
  object space 86016K, 0% used [0x00000000c0000000,0x00000000c0000000,0x00000000c5400000)
 PSPermGen       total 21504K, used 5751K [0x00000000bae00000, 0x00000000bc300000, 0x00000000c0000000)
  object space 21504K, 26% used [0x00000000bae00000,0x00000000bb39dea0,0x00000000bc300000)
Event: 1.590 GC heap after
Heap after GC invocations=1 (full 0):
 PSYoungGen      total 38400K, used 5114K [0x00000000eaa80000, 0x00000000ef580000, 0x0000000100000000)
  eden space 33280K, 0% used [0x00000000eaa80000,0x00000000eaa80000,0x00000000ecb00000)
  from space 5120K, 99% used [0x00000000ecb00000,0x00000000ecffeaa8,0x00000000ed000000)
  to   space 5120K, 0% used [0x00000000ef080000,0x00000000ef080000,0x00000000ef580000)
 ParOldGen       total 86016K, used 2000K [0x00000000c0000000, 0x00000000c5400000, 0x00000000eaa80000)
  object space 86016K, 2% used [0x00000000c0000000,0x00000000c01f40b8,0x00000000c5400000)
 PSPermGen       total 21504K, used 5751K [0x00000000bae00000, 0x00000000bc300000, 0x00000000c0000000)
  object space 21504K, 26% used [0x00000000bae00000,0x00000000bb39dea0,0x00000000bc300000)
}

Deoptimization events (10 events):
Event: 0.897 Thread 0x000000000a3f0800 Uncommon trap: reason=class_check action=maybe_recompile pc=0x0000000002a46858 method=com.android.dx.ssa.NormalSsaInsn.accept(Lcom/android/dx/ssa/SsaInsn$Visitor;)V @ 9
Event: 1.011 Thread 0x00000000028cd800 Uncommon trap: reason=null_check action=make_not_entrant pc=0x0000000002a4c30c method=com.android.dx.rop.code.LocalItem.equals(Ljava/lang/Object;)Z @ 1
Event: 1.125 Thread 0x000000000a3f3000 Uncommon trap: reason=class_check action=maybe_recompile pc=0x0000000002a60b88 method=com.android.dx.rop.type.Type.equals(Ljava/lang/Object;)Z @ 8
Event: 1.135 Thread 0x000000000a3f3000 Uncommon trap: reason=class_check action=maybe_recompile pc=0x0000000002a60b88 method=com.android.dx.rop.type.Type.equals(Ljava/lang/Object;)Z @ 8
Event: 1.175 Thread 0x000000000a3f0800 Uncommon trap: reason=class_check action=maybe_recompile pc=0x0000000002a60b88 method=com.android.dx.rop.type.Type.equals(Ljava/lang/Object;)Z @ 8
Event: 1.177 Thread 0x000000000a3f0800 Uncommon trap: reason=class_check action=maybe_recompile pc=0x0000000002a60b88 method=com.android.dx.rop.type.Type.equals(Ljava/lang/Object;)Z @ 8
Event: 1.478 Thread 0x00000000028cd800 Uncommon trap: reason=null_check action=make_not_entrant pc=0x0000000002a8e7e0 method=com.android.dx.rop.type.Type.putIntern(Lcom/android/dx/rop/type/Type;)Lcom/android/dx/rop/type/Type; @ 18
Event: 1.628 Thread 0x000000000a3f0800 Uncommon trap: reason=null_check action=make_not_entrant pc=0x0000000002a89dbc method=com.android.dx.ssa.SsaRenamer.getLocalForNewReg(I)Lcom/android/dx/rop/code/LocalItem; @ 19
Event: 1.785 Thread 0x000000000a256000 Uncommon trap: reason=class_check action=maybe_recompile pc=0x0000000002a9b5a4 method=java.util.HashMap.put(Ljava/lang/Object;Ljava/lang/Object;)Ljava/lang/Object; @ 83
Event: 2.077 Thread 0x000000000a3f0800 Uncommon trap: reason=null_check action=make_not_entrant pc=0x0000000002a6ca94 method=com.android.dx.rop.type.Type.equals(Ljava/lang/Object;)Z @ 8

Internal exceptions (10 events):
Event: 1.072 Thread 0x000000000a3f3000 Threw 0x00000000eb9d17a8 at C:\re\jdk7u79\2331\hotspot\src\share\vm\prims\jvm.cpp:1304
Event: 1.089 Thread 0x00000000028cd800 Threw 0x00000000ebb1cc48 at C:\re\jdk7u79\2331\hotspot\src\share\vm\prims\jvm.cpp:1304
Event: 1.090 Thread 0x00000000028cd800 Threw 0x00000000ebb1f0d8 at C:\re\jdk7u79\2331\hotspot\src\share\vm\prims\jvm.cpp:1304
Event: 1.122 Thread 0x000000000a3f3000 Threw 0x00000000eba010e8 at C:\re\jdk7u79\2331\hotspot\src\share\vm\prims\jvm.cpp:1304
Event: 1.122 Thread 0x00000000028cd800 Threw 0x00000000ebc6d0d8 at C:\re\jdk7u79\2331\hotspot\src\share\vm\prims\jvm.cpp:1304
Event: 1.273 Thread 0x00000000028cd800 Threw 0x00000000ec0b0d98 at C:\re\jdk7u79\2331\hotspot\src\share\vm\prims\jvm.cpp:1304
Event: 1.478 Thread 0x00000000028cd800 Implicit null exception at 0x0000000002a8e0ef to 0x0000000002a8e7d1
Event: 1.628 Thread 0x000000000a3f0800 Implicit null exception at 0x0000000002a888d6 to 0x0000000002a89d91
Event: 1.660 Thread 0x00000000028cd800 Threw 0x00000000eaac0810 at C:\re\jdk7u79\2331\hotspot\src\share\vm\prims\jvm.cpp:1304
Event: 2.077 Thread 0x000000000a3f0800 Implicit null exception at 0x0000000002a6c992 to 0x0000000002a6ca85

Events (10 events):
Event: 1.628 Thread 0x000000000a3f0800 DEOPT PACKING pc=0x0000000002a89dbc sp=0x000000000a8fe6b0
Event: 1.628 Thread 0x000000000a3f0800 DEOPT UNPACKING pc=0x0000000002a075a4 sp=0x000000000a8fe448 mode 2
Event: 1.660 loading class 0x00000000088dde00
Event: 1.660 loading class 0x00000000088dde00 done
Event: 1.785 Thread 0x000000000a256000 Uncommon trap: trap_request=0xffffffde fr.pc=0x0000000002a9b5a4
Event: 1.785 Thread 0x000000000a256000 DEOPT PACKING pc=0x0000000002a9b5a4 sp=0x000000000a6fec30
Event: 1.786 Thread 0x000000000a256000 DEOPT UNPACKING pc=0x0000000002a075a4 sp=0x000000000a6febd8 mode 2
Event: 2.077 Thread 0x000000000a3f0800 Uncommon trap: trap_request=0xfffffff4 fr.pc=0x0000000002a6ca94
Event: 2.077 Thread 0x000000000a3f0800 DEOPT PACKING pc=0x0000000002a6ca94 sp=0x000000000a8fe520
Event: 2.077 Thread 0x000000000a3f0800 DEOPT UNPACKING pc=0x0000000002a075a4 sp=0x000000000a8fe4b8 mode 2


Dynamic libraries:
0x00007ff7a4530000 - 0x00007ff7a4563000 	C:\Program Files\Java\jdk1.7.0_79\bin\java.exe
0x00007ffc8a9a0000 - 0x00007ffc8ab62000 	C:\Windows\SYSTEM32\ntdll.dll
0x00007ffc89bb0000 - 0x00007ffc89c5d000 	C:\Windows\system32\KERNEL32.DLL
0x00007ffc87b50000 - 0x00007ffc87d2d000 	C:\Windows\system32\KERNELBASE.dll
0x00007ffc8a020000 - 0x00007ffc8a0c6000 	C:\Windows\system32\ADVAPI32.dll
0x00007ffc88080000 - 0x00007ffc8811d000 	C:\Windows\system32\msvcrt.dll
0x00007ffc8a230000 - 0x00007ffc8a28b000 	C:\Windows\system32\sechost.dll
0x00007ffc89ef0000 - 0x00007ffc8a016000 	C:\Windows\system32\RPCRT4.dll
0x00007ffc8a6c0000 - 0x00007ffc8a80e000 	C:\Windows\system32\USER32.dll
0x00007ffc8a810000 - 0x00007ffc8a996000 	C:\Windows\system32\GDI32.dll
0x00007ffc80b00000 - 0x00007ffc80d74000 	C:\Windows\WinSxS\amd64_microsoft.windows.common-controls_6595b64144ccf1df_6.0.10240.16384_none_f41f7b285750ef43\COMCTL32.dll
0x00007ffc89b10000 - 0x00007ffc89b46000 	C:\Windows\system32\IMM32.DLL
0x00007ffc8a0d0000 - 0x00007ffc8a22c000 	C:\Windows\system32\MSCTF.dll
0x00000000715a0000 - 0x0000000071672000 	C:\Program Files\Java\jdk1.7.0_79\jre\bin\msvcr100.dll
0x0000000071a30000 - 0x0000000072205000 	C:\Program Files\Java\jdk1.7.0_79\jre\bin\server\jvm.dll
0x00007ffc89710000 - 0x00007ffc89718000 	C:\Windows\system32\PSAPI.DLL
0x00007ffc7aec0000 - 0x00007ffc7aec9000 	C:\Windows\SYSTEM32\WSOCK32.dll
0x00007ffc89aa0000 - 0x00007ffc89b09000 	C:\Windows\system32\WS2_32.dll
0x00007ffc89ee0000 - 0x00007ffc89ee8000 	C:\Windows\system32\NSI.dll
0x00007ffc855c0000 - 0x00007ffc855e3000 	C:\Windows\SYSTEM32\WINMM.dll
0x00007ffc85250000 - 0x00007ffc8527c000 	C:\Windows\SYSTEM32\WINMMBASE.dll
0x00007ffc87e50000 - 0x00007ffc87e94000 	C:\Windows\system32\cfgmgr32.dll
0x00007ffc85ca0000 - 0x00007ffc85cc7000 	C:\Windows\SYSTEM32\DEVOBJ.dll
0x0000000071a20000 - 0x0000000071a2f000 	C:\Program Files\Java\jdk1.7.0_79\jre\bin\verify.dll
0x00000000719f0000 - 0x0000000071a18000 	C:\Program Files\Java\jdk1.7.0_79\jre\bin\java.dll
0x00000000719d0000 - 0x00000000719e5000 	C:\Program Files\Java\jdk1.7.0_79\jre\bin\zip.dll
0x00000000719b0000 - 0x00000000719ca000 	C:\Program Files\Java\jdk1.7.0_79\jre\bin\net.dll
0x00007ffc86be0000 - 0x00007ffc86c3d000 	C:\Windows\system32\mswsock.dll
0x0000000071990000 - 0x00000000719a1000 	C:\Program Files\Java\jdk1.7.0_79\jre\bin\nio.dll

VM Arguments:
jvm_args: -Djava.awt.headless=true -Xmx1024M -Dfile.encoding=windows-1252 -Duser.country=US -Duser.language=en -Duser.variant 
java_command: com.android.dx.command.Main --dex --num-threads=4 --output E:\IUIUCHATBOX\PixorAdmin\app\build\intermediates\pre-dexed\debug\com.android.support-support-v4-24.0.0_93f29bd12e0df28da64ffe6cb5b4cbf92924e288.jar E:\IUIUCHATBOX\PixorAdmin\app\build\intermediates\exploded-aar\com.android.support\support-v4\24.0.0\jars\classes.jar
Launcher Type: SUN_STANDARD

Environment Variables:
PATH=C:\ProgramData\Oracle\Java\javapath;C:\Windows\system32;C:\Windows;C:\Windows\System32\Wbem;C:\Windows\System32\WindowsPowerShell\v1.0\;C:\Program Files\Microsoft SQL Server\110\Tools\Binn\;C:\Program Files (x86)\Skype\Phone\;C:\Program Files\Microsoft\Web Platform Installer\;C:\Program Files (x86)\Microsoft ASP.NET\ASP.NET Web Pages\v1.0\;C:\Program Files (x86)\Windows Kits\8.0\Windows Performance Toolkit\
USERNAME=HUZY_KAMZ
OS=Windows_NT
PROCESSOR_IDENTIFIER=Intel64 Family 6 Model 69 Stepping 1, GenuineIntel



---------------  S Y S T E M  ---------------

OS: Windows 8.1 , 64 bit Build 9600 

CPU:total 4 (2 cores per cpu, 2 threads per core) family 6 model 69 stepping 1, cmov, cx8, fxsr, mmx, sse, sse2, sse3, ssse3, sse4.1, sse4.2, popcnt, avx, avx2, aes, erms, ht, tsc, tscinvbit

Memory: 4k page, physical 8274284k(1266140k free), swap 8274284k(10036k free)

vm_info: Java HotSpot(TM) 64-Bit Server VM (24.79-b02) for windows-amd64 JRE (1.7.0_79-b15), built on Apr 10 2015 12:36:16 by "java_re" with unknown MS VC++:1600

time: Mon Oct 10 13:39:24 2016
elapsed time: 2 seconds

