#
# There is insufficient memory for the Java Runtime Environment to continue.
# Native memory allocation (malloc) failed to allocate 49840 bytes for Chunk::new
# Possible reasons:
#   The system is out of physical RAM or swap space
#   In 32 bit mode, the process size limit was hit
# Possible solutions:
#   Reduce memory load on the system
#   Increase physical memory or swap space
#   Check if swap backing store is full
#   Use 64 bit Java on a 64 bit OS
#   Decrease Java heap size (-Xmx/-Xms)
#   Decrease number of Java threads
#   Decrease Java thread stack sizes (-Xss)
#   Set larger code cache with -XX:ReservedCodeCacheSize=
# This output file may be truncated or incomplete.
#
#  Out of Memory Error (allocation.cpp:323), pid=1012, tid=7236
#
# JRE version: Java(TM) SE Runtime Environment (7.0_79-b15) (build 1.7.0_79-b15)
# Java VM: Java HotSpot(TM) 64-Bit Server VM (24.79-b02 mixed mode windows-amd64 compressed oops)
# Failed to write core dump. Minidumps are not enabled by default on client versions of Windows
#

---------------  T H R E A D  ---------------

Current thread (0x0000000008c73800):  JavaThread "C2 CompilerThread0" daemon [_thread_in_native, id=7236, stack(0x000000000a1f0000,0x000000000a2f0000)]

Stack: [0x000000000a1f0000,0x000000000a2f0000]
[error occurred during error reporting (printing stack bounds), id 0xc0000005]


[error occurred during error reporting (printing native stack), id 0xc0000005]


Current CompileTask:
C2:   1331  142             com.android.dx.ssa.SsaConverter::placePhiFunctions (394 bytes)


---------------  P R O C E S S  ---------------

Java Threads: ( => current thread )
  0x000000000a7f6800 JavaThread "pool-1-thread-4" [_thread_in_Java, id=8796, stack(0x000000000adf0000,0x000000000aef0000)]
  0x000000000a7f6000 JavaThread "pool-1-thread-3" [_thread_in_Java, id=8856, stack(0x000000000acf0000,0x000000000adf0000)]
  0x000000000a7ef000 JavaThread "pool-1-thread-2" [_thread_in_vm, id=3612, stack(0x000000000abf0000,0x000000000acf0000)]
  0x000000000a7c7800 JavaThread "pool-2-thread-1" [_thread_blocked, id=10200, stack(0x000000000aaf0000,0x000000000abf0000)]
  0x000000000a7c7000 JavaThread "pool-1-thread-1" [_thread_in_Java, id=8576, stack(0x000000000a9f0000,0x000000000aaf0000)]
  0x0000000008c85800 JavaThread "Service Thread" daemon [_thread_blocked, id=4884, stack(0x000000000a3f0000,0x000000000a4f0000)]
  0x0000000008c7d800 JavaThread "C2 CompilerThread1" daemon [_thread_in_native, id=7948, stack(0x000000000a2f0000,0x000000000a3f0000)]
=>0x0000000008c73800 JavaThread "C2 CompilerThread0" daemon [_thread_in_native, id=7236, stack(0x000000000a1f0000,0x000000000a2f0000)]
  0x0000000008c72800 JavaThread "Attach Listener" daemon [_thread_blocked, id=6276, stack(0x000000000a0f0000,0x000000000a1f0000)]
  0x0000000008c6f800 JavaThread "Signal Dispatcher" daemon [_thread_blocked, id=2132, stack(0x0000000009ff0000,0x000000000a0f0000)]
  0x0000000008c40000 JavaThread "Finalizer" daemon [_thread_blocked, id=6036, stack(0x0000000009ef0000,0x0000000009ff0000)]
  0x0000000008c36000 JavaThread "Reference Handler" daemon [_thread_blocked, id=5256, stack(0x0000000009df0000,0x0000000009ef0000)]
  0x0000000002bdd800 JavaThread "main" [_thread_in_vm, id=1816, stack(0x0000000002a00000,0x0000000002b00000)]

Other Threads:
  0x0000000008c31800 VMThread [stack: 0x0000000009cf0000,0x0000000009df0000] [id=9964]
  0x0000000008c94000 WatcherThread [stack: 0x000000000a4f0000,0x000000000a5f0000] [id=3328]

VM state:not at safepoint (normal execution)

VM Mutex/Monitor currently owned by a thread: None

Heap
 PSYoungGen      total 38400K, used 24281K [0x00000000eaa80000, 0x00000000ed500000, 0x0000000100000000)
  eden space 33280K, 72% used [0x00000000eaa80000,0x00000000ec2366e0,0x00000000ecb00000)
  from space 5120K, 0% used [0x00000000ed000000,0x00000000ed000000,0x00000000ed500000)
  to   space 5120K, 0% used [0x00000000ecb00000,0x00000000ecb00000,0x00000000ed000000)
 ParOldGen       total 86016K, used 0K [0x00000000c0000000, 0x00000000c5400000, 0x00000000eaa80000)
  object space 86016K, 0% used [0x00000000c0000000,0x00000000c0000000,0x00000000c5400000)
 PSPermGen       total 21504K, used 5658K [0x00000000bae00000, 0x00000000bc300000, 0x00000000c0000000)
  object space 21504K, 26% used [0x00000000bae00000,0x00000000bb386a90,0x00000000bc300000)

Card table byte_map: [0x0000000005ea0000,0x00000000060d0000] byte_map_base: 0x00000000058c9000

Polling page: 0x0000000002b00000

Code Cache  [0x0000000002de0000, 0x0000000003050000, 0x0000000005de0000)
 total_blobs=391 nmethods=154 adapters=189 free_code_cache=48484Kb largest_free_block=49620608

Compilation events (10 events):
Event: 1.266 Thread 0x0000000008c7d800 nmethod 143 0x0000000002e7fd50 code [0x0000000002e7fea0, 0x0000000002e80058]
Event: 1.266 Thread 0x0000000008c7d800  144             com.android.dx.rop.type.Type::getDescriptor (5 bytes)
Event: 1.266 Thread 0x0000000008c7d800 nmethod 144 0x0000000002e76b10 code [0x0000000002e76c40, 0x0000000002e76c98]
Event: 1.266 Thread 0x0000000008c7d800  145             com.android.dx.rop.code.Insn::getPosition (5 bytes)
Event: 1.267 Thread 0x0000000008c7d800 nmethod 145 0x0000000002e76910 code [0x0000000002e76a40, 0x0000000002e76a98]
Event: 1.267 Thread 0x0000000008c7d800  146             com.android.dx.rop.code.RegisterSpec$ForComparison::equals (31 bytes)
Event: 1.270 Thread 0x0000000008c7d800 nmethod 146 0x0000000002e81790 code [0x0000000002e818e0, 0x0000000002e81cb8]
Event: 1.270 Thread 0x0000000008c7d800  147             com.android.dx.rop.code.RegisterSpec::access$500 (8 bytes)
Event: 1.274 Thread 0x0000000008c7d800 nmethod 147 0x0000000002e80f10 code [0x0000000002e81060, 0x0000000002e81418]
Event: 1.274 Thread 0x0000000008c7d800  148             com.android.dx.ssa.SsaBasicBlock::forEachInsn (37 bytes)

GC Heap History (0 events):
No events

Deoptimization events (6 events):
Event: 1.041 Thread 0x000000000a7f6800 Uncommon trap: reason=null_check action=make_not_entrant pc=0x0000000002e5d0ac method=com.android.dx.rop.code.LocalItem.equals(Ljava/lang/Object;)Z @ 1
Event: 1.096 Thread 0x0000000002bdd800 Uncommon trap: reason=class_check action=maybe_recompile pc=0x0000000002e58698 method=com.android.dx.ssa.NormalSsaInsn.accept(Lcom/android/dx/ssa/SsaInsn$Visitor;)V @ 9
Event: 1.101 Thread 0x0000000002bdd800 Uncommon trap: reason=class_check action=maybe_recompile pc=0x0000000002e58698 method=com.android.dx.ssa.NormalSsaInsn.accept(Lcom/android/dx/ssa/SsaInsn$Visitor;)V @ 9
Event: 1.127 Thread 0x000000000a7f6000 Uncommon trap: reason=class_check action=maybe_recompile pc=0x0000000002e58698 method=com.android.dx.ssa.NormalSsaInsn.accept(Lcom/android/dx/ssa/SsaInsn$Visitor;)V @ 9
Event: 1.157 Thread 0x0000000002bdd800 Uncommon trap: reason=class_check action=maybe_recompile pc=0x0000000002e58698 method=com.android.dx.ssa.NormalSsaInsn.accept(Lcom/android/dx/ssa/SsaInsn$Visitor;)V @ 9
Event: 1.258 Thread 0x000000000a7ef000 Uncommon trap: reason=null_check action=make_not_entrant pc=0x0000000002e7b4b0 method=com.android.dx.ssa.SsaRenamer.getLocalForNewReg(I)Lcom/android/dx/rop/code/LocalItem; @ 19

Internal exceptions (10 events):
Event: 0.906 Thread 0x0000000002bdd800 Threw 0x00000000eb41d968 at C:\re\jdk7u79\2331\hotspot\src\share\vm\prims\jvm.cpp:1304
Event: 0.907 Thread 0x000000000a7c7000 Threw 0x00000000eb005d20 at C:\re\jdk7u79\2331\hotspot\src\share\vm\prims\jvm.cpp:1304
Event: 0.907 Thread 0x000000000a7f6000 Threw 0x00000000eb21cc28 at C:\re\jdk7u79\2331\hotspot\src\share\vm\prims\jvm.cpp:1304
Event: 0.908 Thread 0x000000000a7f6000 Threw 0x00000000eb221bb0 at C:\re\jdk7u79\2331\hotspot\src\share\vm\prims\jvm.cpp:1304
Event: 0.909 Thread 0x000000000a7f6000 Threw 0x00000000eb2274b0 at C:\re\jdk7u79\2331\hotspot\src\share\vm\prims\jvm.cpp:1304
Event: 0.910 Thread 0x000000000a7f6000 Threw 0x00000000eb22ca78 at C:\re\jdk7u79\2331\hotspot\src\share\vm\prims\jvm.cpp:1304
Event: 1.041 Thread 0x000000000a7f6800 Implicit null exception at 0x0000000002e5cc98 to 0x0000000002e5d099
Event: 1.195 Thread 0x0000000002bdd800 Threw 0x00000000ebbd4de8 at C:\re\jdk7u79\2331\hotspot\src\share\vm\prims\jvm.cpp:1304
Event: 1.197 Thread 0x0000000002bdd800 Threw 0x00000000ebbd7348 at C:\re\jdk7u79\2331\hotspot\src\share\vm\prims\jvm.cpp:1304
Event: 1.258 Thread 0x000000000a7ef000 Implicit null exception at 0x0000000002e79d43 to 0x0000000002e7b485

Events (10 events):
Event: 1.157 Thread 0x0000000002bdd800 Uncommon trap: trap_request=0xffffffde fr.pc=0x0000000002e58698
Event: 1.157 Thread 0x0000000002bdd800 DEOPT PACKING pc=0x0000000002e58698 sp=0x0000000002afe790
Event: 1.157 Thread 0x0000000002bdd800 DEOPT UNPACKING pc=0x0000000002e175a4 sp=0x0000000002afe6e0 mode 2
Event: 1.195 loading class 0x0000000008cbe670
Event: 1.195 loading class 0x0000000008cbe670 done
Event: 1.196 loading class 0x000000000a632650
Event: 1.196 loading class 0x000000000a632650 done
Event: 1.258 Thread 0x000000000a7ef000 Uncommon trap: trap_request=0xfffffff4 fr.pc=0x0000000002e7b4b0
Event: 1.258 Thread 0x000000000a7ef000 DEOPT PACKING pc=0x0000000002e7b4b0 sp=0x000000000aceebc0
Event: 1.258 Thread 0x000000000a7ef000 DEOPT UNPACKING pc=0x0000000002e175a4 sp=0x000000000acee9f8 mode 2


Dynamic libraries:
0x00007ff7a4530000 - 0x00007ff7a4563000 	C:\Program Files\Java\jdk1.7.0_79\bin\java.exe
0x00007ffc8a9a0000 - 0x00007ffc8ab62000 	C:\Windows\SYSTEM32\ntdll.dll
0x00007ffc89bb0000 - 0x00007ffc89c5d000 	C:\Windows\system32\KERNEL32.DLL
0x00007ffc87b50000 - 0x00007ffc87d2d000 	C:\Windows\system32\KERNELBASE.dll
0x00007ffc8a020000 - 0x00007ffc8a0c6000 	C:\Windows\system32\ADVAPI32.dll
0x00007ffc88080000 - 0x00007ffc8811d000 	C:\Windows\system32\msvcrt.dll
0x00007ffc8a230000 - 0x00007ffc8a28b000 	C:\Windows\system32\sechost.dll
0x00007ffc89ef0000 - 0x00007ffc8a016000 	C:\Windows\system32\RPCRT4.dll
0x00007ffc8a6c0000 - 0x00007ffc8a80e000 	C:\Windows\system32\USER32.dll
0x00007ffc8a810000 - 0x00007ffc8a996000 	C:\Windows\system32\GDI32.dll
0x00007ffc80b00000 - 0x00007ffc80d74000 	C:\Windows\WinSxS\amd64_microsoft.windows.common-controls_6595b64144ccf1df_6.0.10240.16384_none_f41f7b285750ef43\COMCTL32.dll
0x00007ffc89b10000 - 0x00007ffc89b46000 	C:\Windows\system32\IMM32.DLL
0x00007ffc8a0d0000 - 0x00007ffc8a22c000 	C:\Windows\system32\MSCTF.dll
0x00000000715a0000 - 0x0000000071672000 	C:\Program Files\Java\jdk1.7.0_79\jre\bin\msvcr100.dll
0x0000000071a30000 - 0x0000000072205000 	C:\Program Files\Java\jdk1.7.0_79\jre\bin\server\jvm.dll
0x00007ffc89710000 - 0x00007ffc89718000 	C:\Windows\system32\PSAPI.DLL
0x00007ffc7aec0000 - 0x00007ffc7aec9000 	C:\Windows\SYSTEM32\WSOCK32.dll
0x00007ffc89aa0000 - 0x00007ffc89b09000 	C:\Windows\system32\WS2_32.dll
0x00007ffc89ee0000 - 0x00007ffc89ee8000 	C:\Windows\system32\NSI.dll
0x00007ffc855c0000 - 0x00007ffc855e3000 	C:\Windows\SYSTEM32\WINMM.dll
0x00007ffc85250000 - 0x00007ffc8527c000 	C:\Windows\SYSTEM32\WINMMBASE.dll
0x00007ffc87e50000 - 0x00007ffc87e94000 	C:\Windows\system32\cfgmgr32.dll
0x00007ffc85ca0000 - 0x00007ffc85cc7000 	C:\Windows\SYSTEM32\DEVOBJ.dll
0x0000000071a20000 - 0x0000000071a2f000 	C:\Program Files\Java\jdk1.7.0_79\jre\bin\verify.dll
0x00000000719f0000 - 0x0000000071a18000 	C:\Program Files\Java\jdk1.7.0_79\jre\bin\java.dll
0x00000000719d0000 - 0x00000000719e5000 	C:\Program Files\Java\jdk1.7.0_79\jre\bin\zip.dll
0x00000000719b0000 - 0x00000000719ca000 	C:\Program Files\Java\jdk1.7.0_79\jre\bin\net.dll
0x00007ffc86be0000 - 0x00007ffc86c3d000 	C:\Windows\system32\mswsock.dll
0x0000000071990000 - 0x00000000719a1000 	C:\Program Files\Java\jdk1.7.0_79\jre\bin\nio.dll

VM Arguments:
jvm_args: -Djava.awt.headless=true -Xmx1024M -Dfile.encoding=windows-1252 -Duser.country=US -Duser.language=en -Duser.variant 
java_command: com.android.dx.command.Main --dex --num-threads=4 --output E:\IUIUCHATBOX\PixorAdmin\app\build\intermediates\pre-dexed\debug\com.facebook.android-facebook-android-sdk-4.11.0_f3065f0803cf58e1ef8e80178e1760e0266e615b.jar E:\IUIUCHATBOX\PixorAdmin\app\build\intermediates\exploded-aar\com.facebook.android\facebook-android-sdk\4.11.0\jars\classes.jar
Launcher Type: SUN_STANDARD

Environment Variables:
PATH=C:\ProgramData\Oracle\Java\javapath;C:\Windows\system32;C:\Windows;C:\Windows\System32\Wbem;C:\Windows\System32\WindowsPowerShell\v1.0\;C:\Program Files\Microsoft SQL Server\110\Tools\Binn\;C:\Program Files (x86)\Skype\Phone\;C:\Program Files\Microsoft\Web Platform Installer\;C:\Program Files (x86)\Microsoft ASP.NET\ASP.NET Web Pages\v1.0\;C:\Program Files (x86)\Windows Kits\8.0\Windows Performance Toolkit\
USERNAME=HUZY_KAMZ
OS=Windows_NT
PROCESSOR_IDENTIFIER=Intel64 Family 6 Model 69 Stepping 1, GenuineIntel



---------------  S Y S T E M  ---------------

OS: Windows 8.1 , 64 bit Build 9600 

CPU:total 4 (2 cores per cpu, 2 threads per core) family 6 model 69 stepping 1, cmov, cx8, fxsr, mmx, sse, sse2, sse3, ssse3, sse4.1, sse4.2, popcnt, avx, avx2, aes, erms, ht, tsc, tscinvbit

Memory: 4k page, physical 8274284k(1300360k free), swap 8274284k(5160k free)

vm_info: Java HotSpot(TM) 64-Bit Server VM (24.79-b02) for windows-amd64 JRE (1.7.0_79-b15), built on Apr 10 2015 12:36:16 by "java_re" with unknown MS VC++:1600

time: Mon Oct 10 13:39:28 2016
elapsed time: 1 seconds

