#
# There is insufficient memory for the Java Runtime Environment to continue.
# Native memory allocation (malloc) failed to allocate 1117216 bytes for Chunk::new
# Possible reasons:
#   The system is out of physical RAM or swap space
#   In 32 bit mode, the process size limit was hit
# Possible solutions:
#   Reduce memory load on the system
#   Increase physical memory or swap space
#   Check if swap backing store is full
#   Use 64 bit Java on a 64 bit OS
#   Decrease Java heap size (-Xmx/-Xms)
#   Decrease number of Java threads
#   Decrease Java thread stack sizes (-Xss)
#   Set larger code cache with -XX:ReservedCodeCacheSize=
# This output file may be truncated or incomplete.
#
#  Out of Memory Error (allocation.cpp:323), pid=9688, tid=8708
#
# JRE version: Java(TM) SE Runtime Environment (7.0_79-b15) (build 1.7.0_79-b15)
# Java VM: Java HotSpot(TM) 64-Bit Server VM (24.79-b02 mixed mode windows-amd64 compressed oops)
# Failed to write core dump. Minidumps are not enabled by default on client versions of Windows
#

---------------  T H R E A D  ---------------

Current thread (0x0000000008324800):  JavaThread "C2 CompilerThread0" daemon [_thread_in_native, id=8708, stack(0x00000000098a0000,0x00000000099a0000)]

Stack: [0x00000000098a0000,0x00000000099a0000]
[error occurred during error reporting (printing stack bounds), id 0xc0000005]


[error occurred during error reporting (printing native stack), id 0xc0000005]


Current CompileTask:
C2:   2797  353             com.android.dx.ssa.DeadCodeRemover::run (194 bytes)


---------------  P R O C E S S  ---------------

Java Threads: ( => current thread )
  0x0000000009e04800 JavaThread "pool-1-thread-4" [_thread_in_vm, id=1672, stack(0x000000000a4a0000,0x000000000a5a0000)]
  0x0000000009e03800 JavaThread "pool-1-thread-3" [_thread_in_Java, id=1304, stack(0x000000000a3a0000,0x000000000a4a0000)]
  0x0000000009df2800 JavaThread "pool-1-thread-2" [_thread_in_Java, id=9852, stack(0x000000000a2a0000,0x000000000a3a0000)]
  0x0000000009df3000 JavaThread "pool-2-thread-1" [_thread_blocked, id=9920, stack(0x000000000a1a0000,0x000000000a2a0000)]
  0x0000000009e8a800 JavaThread "pool-1-thread-1" [_thread_in_Java, id=3648, stack(0x000000000a0a0000,0x000000000a1a0000)]
  0x0000000008336800 JavaThread "Service Thread" daemon [_thread_blocked, id=9556, stack(0x0000000009aa0000,0x0000000009ba0000)]
  0x000000000832e800 JavaThread "C2 CompilerThread1" daemon [_thread_in_native, id=8780, stack(0x00000000099a0000,0x0000000009aa0000)]
=>0x0000000008324800 JavaThread "C2 CompilerThread0" daemon [_thread_in_native, id=8708, stack(0x00000000098a0000,0x00000000099a0000)]
  0x0000000008324000 JavaThread "Attach Listener" daemon [_thread_blocked, id=8016, stack(0x00000000097a0000,0x00000000098a0000)]
  0x0000000008321000 JavaThread "Signal Dispatcher" daemon [_thread_blocked, id=7852, stack(0x00000000096a0000,0x00000000097a0000)]
  0x00000000082f0800 JavaThread "Finalizer" daemon [_thread_blocked, id=8656, stack(0x00000000095a0000,0x00000000096a0000)]
  0x00000000082e7800 JavaThread "Reference Handler" daemon [_thread_blocked, id=208, stack(0x00000000094a0000,0x00000000095a0000)]
  0x000000000244d800 JavaThread "main" [_thread_in_Java, id=3740, stack(0x0000000002300000,0x0000000002400000)]

Other Threads:
  0x00000000082e1800 VMThread [stack: 0x00000000093a0000,0x00000000094a0000] [id=1776]
  0x0000000008344800 WatcherThread [stack: 0x0000000009ba0000,0x0000000009ca0000] [id=8636]

VM state:not at safepoint (normal execution)

VM Mutex/Monitor currently owned by a thread: None

Heap
 PSYoungGen      total 38400K, used 24772K [0x00000000eaa80000, 0x00000000ed500000, 0x0000000100000000)
  eden space 33280K, 59% used [0x00000000eaa80000,0x00000000ebdb6598,0x00000000ecb00000)
  from space 5120K, 99% used [0x00000000ed000000,0x00000000ed4faab8,0x00000000ed500000)
  to   space 5120K, 0% used [0x00000000ecb00000,0x00000000ecb00000,0x00000000ed000000)
 ParOldGen       total 86016K, used 6471K [0x00000000c0000000, 0x00000000c5400000, 0x00000000eaa80000)
  object space 86016K, 7% used [0x00000000c0000000,0x00000000c0651e28,0x00000000c5400000)
 PSPermGen       total 21504K, used 5853K [0x00000000bae00000, 0x00000000bc300000, 0x00000000c0000000)
  object space 21504K, 27% used [0x00000000bae00000,0x00000000bb3b7548,0x00000000bc300000)

Card table byte_map: [0x0000000005550000,0x0000000005780000] byte_map_base: 0x0000000004f79000

Polling page: 0x0000000000760000

Code Cache  [0x0000000002550000, 0x00000000027c0000, 0x0000000005550000)
 total_blobs=590 nmethods=353 adapters=189 free_code_cache=47723Kb largest_free_block=48833600

Compilation events (10 events):
Event: 2.640 Thread 0x000000000832e800 nmethod 350 0x00000000026afcd0 code [0x00000000026aff00, 0x00000000026b1448]
Event: 2.641 Thread 0x000000000832e800  351             com.android.dx.ssa.back.SsaToRop::convertBasicBlocks (151 bytes)
Event: 2.688 Thread 0x0000000008324800 nmethod 349 0x00000000026b2b50 code [0x00000000026b2ee0, 0x00000000026b5588]
Event: 2.689 Thread 0x0000000008324800  352             com.android.dx.ssa.SsaMethod::getCountReachableBlocks (44 bytes)
Event: 2.695 Thread 0x0000000008324800 nmethod 352 0x00000000026a2e50 code [0x00000000026a2fa0, 0x00000000026a31e8]
Event: 2.695 Thread 0x0000000008324800  353             com.android.dx.ssa.DeadCodeRemover::run (194 bytes)
Event: 2.712 Thread 0x000000000832e800 nmethod 351 0x00000000026b90d0 code [0x00000000026b93a0, 0x00000000026ba710]
Event: 2.712 Thread 0x000000000832e800  354             com.android.dx.ssa.SsaRenamer::setNameForSsaReg (54 bytes)
Event: 2.720 Thread 0x000000000832e800 nmethod 354 0x00000000026ad690 code [0x00000000026ad820, 0x00000000026adc10]
Event: 2.720 Thread 0x000000000832e800  355             com.android.dx.ssa.SsaRenamer$BlockRenamer::process (191 bytes)

GC Heap History (4 events):
Event: 1.477 GC heap before
{Heap before GC invocations=1 (full 0):
 PSYoungGen      total 38400K, used 33280K [0x00000000eaa80000, 0x00000000ed500000, 0x0000000100000000)
  eden space 33280K, 100% used [0x00000000eaa80000,0x00000000ecb00000,0x00000000ecb00000)
  from space 5120K, 0% used [0x00000000ed000000,0x00000000ed000000,0x00000000ed500000)
  to   space 5120K, 0% used [0x00000000ecb00000,0x00000000ecb00000,0x00000000ed000000)
 ParOldGen       total 86016K, used 0K [0x00000000c0000000, 0x00000000c5400000, 0x00000000eaa80000)
  object space 86016K, 0% used [0x00000000c0000000,0x00000000c0000000,0x00000000c5400000)
 PSPermGen       total 21504K, used 5755K [0x00000000bae00000, 0x00000000bc300000, 0x00000000c0000000)
  object space 21504K, 26% used [0x00000000bae00000,0x00000000bb39ee80,0x00000000bc300000)
Event: 1.487 GC heap after
Heap after GC invocations=1 (full 0):
 PSYoungGen      total 38400K, used 5114K [0x00000000eaa80000, 0x00000000ed500000, 0x0000000100000000)
  eden space 33280K, 0% used [0x00000000eaa80000,0x00000000eaa80000,0x00000000ecb00000)
  from space 5120K, 99% used [0x00000000ecb00000,0x00000000ecffeaa8,0x00000000ed000000)
  to   space 5120K, 0% used [0x00000000ed000000,0x00000000ed000000,0x00000000ed500000)
 ParOldGen       total 86016K, used 1444K [0x00000000c0000000, 0x00000000c5400000, 0x00000000eaa80000)
  object space 86016K, 1% used [0x00000000c0000000,0x00000000c0169170,0x00000000c5400000)
 PSPermGen       total 21504K, used 5755K [0x00000000bae00000, 0x00000000bc300000, 0x00000000c0000000)
  object space 21504K, 26% used [0x00000000bae00000,0x00000000bb39ee80,0x00000000bc300000)
}
Event: 2.345 GC heap before
{Heap before GC invocations=2 (full 0):
 PSYoungGen      total 38400K, used 38394K [0x00000000eaa80000, 0x00000000ed500000, 0x0000000100000000)
  eden space 33280K, 100% used [0x00000000eaa80000,0x00000000ecb00000,0x00000000ecb00000)
  from space 5120K, 99% used [0x00000000ecb00000,0x00000000ecffeaa8,0x00000000ed000000)
  to   space 5120K, 0% used [0x00000000ed000000,0x00000000ed000000,0x00000000ed500000)
 ParOldGen       total 86016K, used 1444K [0x00000000c0000000, 0x00000000c5400000, 0x00000000eaa80000)
  object space 86016K, 1% used [0x00000000c0000000,0x00000000c0169170,0x00000000c5400000)
 PSPermGen       total 21504K, used 5823K [0x00000000bae00000, 0x00000000bc300000, 0x00000000c0000000)
  object space 21504K, 27% used [0x00000000bae00000,0x00000000bb3afd18,0x00000000bc300000)
Event: 2.372 GC heap after
Heap after GC invocations=2 (full 0):
 PSYoungGen      total 38400K, used 5098K [0x00000000eaa80000, 0x00000000ed500000, 0x0000000100000000)
  eden space 33280K, 0% used [0x00000000eaa80000,0x00000000eaa80000,0x00000000ecb00000)
  from space 5120K, 99% used [0x00000000ed000000,0x00000000ed4faab8,0x00000000ed500000)
  to   space 5120K, 0% used [0x00000000ecb00000,0x00000000ecb00000,0x00000000ed000000)
 ParOldGen       total 86016K, used 6471K [0x00000000c0000000, 0x00000000c5400000, 0x00000000eaa80000)
  object space 86016K, 7% used [0x00000000c0000000,0x00000000c0651e28,0x00000000c5400000)
 PSPermGen       total 21504K, used 5823K [0x00000000bae00000, 0x00000000bc300000, 0x00000000c0000000)
  object space 21504K, 27% used [0x00000000bae00000,0x00000000bb3afd18,0x00000000bc300000)
}

Deoptimization events (10 events):
Event: 0.738 Thread 0x0000000009e03800 Uncommon trap: reason=class_check action=maybe_recompile pc=0x00000000025c7e98 method=com.android.dx.ssa.NormalSsaInsn.accept(Lcom/android/dx/ssa/SsaInsn$Visitor;)V @ 9
Event: 0.769 Thread 0x0000000009e03800 Uncommon trap: reason=null_check action=make_not_entrant pc=0x00000000025ca82c method=com.android.dx.rop.code.LocalItem.equals(Ljava/lang/Object;)Z @ 1
Event: 0.789 Thread 0x0000000009df2800 Uncommon trap: reason=null_check action=make_not_entrant pc=0x00000000025d37ac method=com.android.dx.rop.code.LocalItem.equals(Ljava/lang/Object;)Z @ 1
Event: 0.979 Thread 0x0000000009e04800 Uncommon trap: reason=null_check action=make_not_entrant pc=0x00000000025e3b14 method=com.android.dx.rop.type.Type.equals(Ljava/lang/Object;)Z @ 8
Event: 1.676 Thread 0x000000000244d800 Uncommon trap: reason=null_check action=make_not_entrant pc=0x0000000002634b1c method=com.android.dx.rop.type.Type.putIntern(Lcom/android/dx/rop/type/Type;)Lcom/android/dx/rop/type/Type; @ 18
Event: 1.980 Thread 0x0000000009e03800 Uncommon trap: reason=unreached action=reinterpret pc=0x00000000026223bc method=com.android.dx.ssa.SCCP.simulateBranch(Lcom/android/dx/ssa/SsaInsn;)V @ 132
Event: 2.012 Thread 0x0000000009e04800 Uncommon trap: reason=null_check action=make_not_entrant pc=0x000000000260b1b4 method=com.android.dx.ssa.SsaRenamer.getLocalForNewReg(I)Lcom/android/dx/rop/code/LocalItem; @ 19
Event: 2.110 Thread 0x000000000244d800 Uncommon trap: reason=bimorphic action=maybe_recompile pc=0x0000000002610088 method=java.util.HashMap.put(Ljava/lang/Object;Ljava/lang/Object;)Ljava/lang/Object; @ 83
Event: 2.135 Thread 0x0000000009e04800 Uncommon trap: reason=unreached action=reinterpret pc=0x000000000266d290 method=com.android.dx.cf.code.Ropper.processBlock(Lcom/android/dx/cf/code/ByteBlock;Lcom/android/dx/cf/code/Frame;[I)V @ 513
Event: 2.750 Thread 0x0000000009df2800 Uncommon trap: reason=unloaded action=reinterpret pc=0x000000000268c1f0 method=com.android.dx.ssa.LiteralOpUpgrader$1.visitNonMoveInsn(Lcom/android/dx/ssa/NormalSsaInsn;)V @ 72

Internal exceptions (10 events):
Event: 0.789 Thread 0x0000000009df2800 Implicit null exception at 0x00000000025d2ece to 0x00000000025d3791
Event: 0.796 Thread 0x000000000244d800 Threw 0x00000000eb775d20 at C:\re\jdk7u79\2331\hotspot\src\share\vm\prims\jvm.cpp:1304
Event: 0.806 Thread 0x0000000009df2800 Threw 0x00000000eb86e910 at C:\re\jdk7u79\2331\hotspot\src\share\vm\prims\jvm.cpp:1304
Event: 0.979 Thread 0x0000000009e04800 Implicit null exception at 0x00000000025e3a12 to 0x00000000025e3b05
Event: 1.085 Thread 0x000000000244d800 Threw 0x00000000ec153f90 at C:\re\jdk7u79\2331\hotspot\src\share\vm\prims\jvm.cpp:1304
Event: 1.087 Thread 0x0000000009df2800 Threw 0x00000000ec02a4b8 at C:\re\jdk7u79\2331\hotspot\src\share\vm\prims\jvm.cpp:1304
Event: 1.676 Thread 0x000000000244d800 Implicit null exception at 0x000000000263442f to 0x0000000002634b0d
Event: 2.012 Thread 0x0000000009e04800 Implicit null exception at 0x000000000260a1f3 to 0x000000000260b18d
Event: 2.566 Thread 0x0000000009e04800 Threw 0x00000000eb416378 at C:\re\jdk7u79\2331\hotspot\src\share\vm\prims\jvm.cpp:1304
Event: 2.750 Thread 0x0000000009df2800 Threw 0x00000000ebcfdc80 at C:\re\jdk7u79\2331\hotspot\src\share\vm\prims\jvm.cpp:1304

Events (10 events):
Event: 2.135 Thread 0x0000000009e04800 DEOPT UNPACKING pc=0x00000000025875a4 sp=0x000000000a59ecd8 mode 2
Event: 2.339 Executing VM operation: ParallelGCFailedAllocation
Event: 2.373 Executing VM operation: ParallelGCFailedAllocation done
Event: 2.566 loading class 0x0000000009e93eb0
Event: 2.566 loading class 0x0000000009e93eb0 done
Event: 2.750 Thread 0x0000000009df2800 Uncommon trap: trap_request=0x0000004e fr.pc=0x000000000268c1f0
Event: 2.750 loading class 0x0000000009e93f30
Event: 2.750 loading class 0x0000000009e93f30 done
Event: 2.751 Thread 0x0000000009df2800 DEOPT PACKING pc=0x000000000268c1f0 sp=0x000000000a39e980
Event: 2.751 Thread 0x0000000009df2800 DEOPT UNPACKING pc=0x00000000025875a4 sp=0x000000000a39e908 mode 2


Dynamic libraries:
0x00007ff7a4530000 - 0x00007ff7a4563000 	C:\Program Files\Java\jdk1.7.0_79\bin\java.exe
0x00007ffc8a9a0000 - 0x00007ffc8ab62000 	C:\Windows\SYSTEM32\ntdll.dll
0x00007ffc89bb0000 - 0x00007ffc89c5d000 	C:\Windows\system32\KERNEL32.DLL
0x00007ffc87b50000 - 0x00007ffc87d2d000 	C:\Windows\system32\KERNELBASE.dll
0x00007ffc8a020000 - 0x00007ffc8a0c6000 	C:\Windows\system32\ADVAPI32.dll
0x00007ffc88080000 - 0x00007ffc8811d000 	C:\Windows\system32\msvcrt.dll
0x00007ffc8a230000 - 0x00007ffc8a28b000 	C:\Windows\system32\sechost.dll
0x00007ffc89ef0000 - 0x00007ffc8a016000 	C:\Windows\system32\RPCRT4.dll
0x00007ffc8a6c0000 - 0x00007ffc8a80e000 	C:\Windows\system32\USER32.dll
0x00007ffc8a810000 - 0x00007ffc8a996000 	C:\Windows\system32\GDI32.dll
0x00007ffc80b00000 - 0x00007ffc80d74000 	C:\Windows\WinSxS\amd64_microsoft.windows.common-controls_6595b64144ccf1df_6.0.10240.16384_none_f41f7b285750ef43\COMCTL32.dll
0x00007ffc89b10000 - 0x00007ffc89b46000 	C:\Windows\system32\IMM32.DLL
0x00007ffc8a0d0000 - 0x00007ffc8a22c000 	C:\Windows\system32\MSCTF.dll
0x00000000715a0000 - 0x0000000071672000 	C:\Program Files\Java\jdk1.7.0_79\jre\bin\msvcr100.dll
0x0000000071a30000 - 0x0000000072205000 	C:\Program Files\Java\jdk1.7.0_79\jre\bin\server\jvm.dll
0x00007ffc89710000 - 0x00007ffc89718000 	C:\Windows\system32\PSAPI.DLL
0x00007ffc7aec0000 - 0x00007ffc7aec9000 	C:\Windows\SYSTEM32\WSOCK32.dll
0x00007ffc89aa0000 - 0x00007ffc89b09000 	C:\Windows\system32\WS2_32.dll
0x00007ffc89ee0000 - 0x00007ffc89ee8000 	C:\Windows\system32\NSI.dll
0x00007ffc855c0000 - 0x00007ffc855e3000 	C:\Windows\SYSTEM32\WINMM.dll
0x00007ffc85250000 - 0x00007ffc8527c000 	C:\Windows\SYSTEM32\WINMMBASE.dll
0x00007ffc87e50000 - 0x00007ffc87e94000 	C:\Windows\system32\cfgmgr32.dll
0x00007ffc85ca0000 - 0x00007ffc85cc7000 	C:\Windows\SYSTEM32\DEVOBJ.dll
0x0000000071a20000 - 0x0000000071a2f000 	C:\Program Files\Java\jdk1.7.0_79\jre\bin\verify.dll
0x00000000719f0000 - 0x0000000071a18000 	C:\Program Files\Java\jdk1.7.0_79\jre\bin\java.dll
0x00000000719d0000 - 0x00000000719e5000 	C:\Program Files\Java\jdk1.7.0_79\jre\bin\zip.dll
0x00000000719b0000 - 0x00000000719ca000 	C:\Program Files\Java\jdk1.7.0_79\jre\bin\net.dll
0x00007ffc86be0000 - 0x00007ffc86c3d000 	C:\Windows\system32\mswsock.dll
0x0000000071990000 - 0x00000000719a1000 	C:\Program Files\Java\jdk1.7.0_79\jre\bin\nio.dll

VM Arguments:
jvm_args: -Djava.awt.headless=true -Xmx1024M -Dfile.encoding=windows-1252 -Duser.country=US -Duser.language=en -Duser.variant 
java_command: com.android.dx.command.Main --dex --num-threads=4 --output E:\IUIUCHATBOX\PixorAdmin\app\build\intermediates\pre-dexed\debug\internal_impl-24.0.0_3e8af34554f3e3bc181091a6f8d80df38ed0496a.jar E:\IUIUCHATBOX\PixorAdmin\app\build\intermediates\exploded-aar\com.android.support\support-v4\24.0.0\jars\libs\internal_impl-24.0.0.jar
Launcher Type: SUN_STANDARD

Environment Variables:
PATH=C:\ProgramData\Oracle\Java\javapath;C:\Windows\system32;C:\Windows;C:\Windows\System32\Wbem;C:\Windows\System32\WindowsPowerShell\v1.0\;C:\Program Files\Microsoft SQL Server\110\Tools\Binn\;C:\Program Files (x86)\Skype\Phone\;C:\Program Files\Microsoft\Web Platform Installer\;C:\Program Files (x86)\Microsoft ASP.NET\ASP.NET Web Pages\v1.0\;C:\Program Files (x86)\Windows Kits\8.0\Windows Performance Toolkit\
USERNAME=HUZY_KAMZ
OS=Windows_NT
PROCESSOR_IDENTIFIER=Intel64 Family 6 Model 69 Stepping 1, GenuineIntel



---------------  S Y S T E M  ---------------

OS: Windows 8.1 , 64 bit Build 9600 

CPU:total 4 (2 cores per cpu, 2 threads per core) family 6 model 69 stepping 1, cmov, cx8, fxsr, mmx, sse, sse2, sse3, ssse3, sse4.1, sse4.2, popcnt, avx, avx2, aes, erms, ht, tsc, tscinvbit

Memory: 4k page, physical 8274284k(1249996k free), swap 8274284k(4376k free)

vm_info: Java HotSpot(TM) 64-Bit Server VM (24.79-b02) for windows-amd64 JRE (1.7.0_79-b15), built on Apr 10 2015 12:36:16 by "java_re" with unknown MS VC++:1600

time: Mon Oct 10 13:39:20 2016
elapsed time: 2 seconds

