#
# There is insufficient memory for the Java Runtime Environment to continue.
# Native memory allocation (malloc) failed to allocate 65296 bytes for Chunk::new
# Possible reasons:
#   The system is out of physical RAM or swap space
#   In 32 bit mode, the process size limit was hit
# Possible solutions:
#   Reduce memory load on the system
#   Increase physical memory or swap space
#   Check if swap backing store is full
#   Use 64 bit Java on a 64 bit OS
#   Decrease Java heap size (-Xmx/-Xms)
#   Decrease number of Java threads
#   Decrease Java thread stack sizes (-Xss)
#   Set larger code cache with -XX:ReservedCodeCacheSize=
# This output file may be truncated or incomplete.
#
#  Out of Memory Error (allocation.cpp:323), pid=7064, tid=8340
#
# JRE version: Java(TM) SE Runtime Environment (7.0_79-b15) (build 1.7.0_79-b15)
# Java VM: Java HotSpot(TM) 64-Bit Server VM (24.79-b02 mixed mode windows-amd64 compressed oops)
# Failed to write core dump. Minidumps are not enabled by default on client versions of Windows
#

---------------  T H R E A D  ---------------

Current thread (0x0000000008175800):  JavaThread "C2 CompilerThread1" daemon [_thread_in_native, id=8340, stack(0x00000000097e0000,0x00000000098e0000)]

Stack: [0x00000000097e0000,0x00000000098e0000]
[error occurred during error reporting (printing stack bounds), id 0xc0000005]


[error occurred during error reporting (printing native stack), id 0xc0000005]


Current CompileTask:
C2:    517    4             sun.nio.cs.UTF_8$Decoder::decode (640 bytes)


---------------  P R O C E S S  ---------------

Java Threads: ( => current thread )
  0x0000000009b38000 JavaThread "pool-2-thread-1" [_thread_blocked, id=5716, stack(0x0000000009fe0000,0x000000000a0e0000)]
  0x00000000081be000 JavaThread "pool-1-thread-1" [_thread_blocked, id=8988, stack(0x0000000009ee0000,0x0000000009fe0000)]
  0x000000000818b800 JavaThread "Service Thread" daemon [_thread_blocked, id=5792, stack(0x00000000098e0000,0x00000000099e0000)]
=>0x0000000008175800 JavaThread "C2 CompilerThread1" daemon [_thread_in_native, id=8340, stack(0x00000000097e0000,0x00000000098e0000)]
  0x0000000008173800 JavaThread "C2 CompilerThread0" daemon [_thread_blocked, id=7836, stack(0x00000000096e0000,0x00000000097e0000)]
  0x0000000008172800 JavaThread "Attach Listener" daemon [_thread_blocked, id=7056, stack(0x00000000095e0000,0x00000000096e0000)]
  0x000000000816f800 JavaThread "Signal Dispatcher" daemon [_thread_blocked, id=10072, stack(0x00000000094e0000,0x00000000095e0000)]
  0x000000000813e800 JavaThread "Finalizer" daemon [_thread_blocked, id=7520, stack(0x00000000093e0000,0x00000000094e0000)]
  0x0000000008135800 JavaThread "Reference Handler" daemon [_thread_blocked, id=2272, stack(0x00000000092e0000,0x00000000093e0000)]
  0x00000000022ad800 JavaThread "main" [_thread_in_native, id=6852, stack(0x0000000002070000,0x0000000002170000)]

Other Threads:
  0x0000000008131800 VMThread [stack: 0x00000000091e0000,0x00000000092e0000] [id=8252]
  0x0000000008196000 WatcherThread [stack: 0x00000000099e0000,0x0000000009ae0000] [id=8784]

VM state:not at safepoint (normal execution)

VM Mutex/Monitor currently owned by a thread: None

Heap
 PSYoungGen      total 38400K, used 4666K [0x00000000eaa80000, 0x00000000ed500000, 0x0000000100000000)
  eden space 33280K, 14% used [0x00000000eaa80000,0x00000000eaf0eb10,0x00000000ecb00000)
  from space 5120K, 0% used [0x00000000ed000000,0x00000000ed000000,0x00000000ed500000)
  to   space 5120K, 0% used [0x00000000ecb00000,0x00000000ecb00000,0x00000000ed000000)
 ParOldGen       total 86016K, used 0K [0x00000000c0000000, 0x00000000c5400000, 0x00000000eaa80000)
  object space 86016K, 0% used [0x00000000c0000000,0x00000000c0000000,0x00000000c5400000)
 PSPermGen       total 21504K, used 4049K [0x00000000bae00000, 0x00000000bc300000, 0x00000000c0000000)
  object space 21504K, 18% used [0x00000000bae00000,0x00000000bb1f4720,0x00000000bc300000)

Card table byte_map: [0x0000000005370000,0x00000000055a0000] byte_map_base: 0x0000000004d99000

Polling page: 0x00000000008f0000

Code Cache  [0x00000000022b0000, 0x0000000002520000, 0x00000000052b0000)
 total_blobs=228 nmethods=6 adapters=175 free_code_cache=48740Kb largest_free_block=49895616

Compilation events (7 events):
Event: 0.102 Thread 0x0000000008173800    1             java.lang.String::indexOf (70 bytes)
Event: 0.108 Thread 0x0000000008175800    2             java.lang.String::hashCode (55 bytes)
Event: 0.108 Thread 0x0000000008173800 nmethod 1 0x0000000002310e10 code [0x0000000002310f60, 0x00000000023110e8]
Event: 0.111 Thread 0x0000000008175800 nmethod 2 0x0000000002310ad0 code [0x0000000002310c00, 0x0000000002310d58]
Event: 0.112 Thread 0x0000000008173800    3             java.lang.String::lastIndexOf (52 bytes)
Event: 0.114 Thread 0x0000000008173800 nmethod 3 0x00000000023104d0 code [0x0000000002310620, 0x0000000002310788]
Event: 0.125 Thread 0x0000000008175800    4             sun.nio.cs.UTF_8$Decoder::decode (640 bytes)

GC Heap History (0 events):
No events

Deoptimization events (0 events):
No events

Internal exceptions (10 events):
Event: 0.113 Thread 0x00000000022ad800 Threw 0x00000000eac31568 at C:\re\jdk7u79\2331\hotspot\src\share\vm\prims\jvm.cpp:1304
Event: 0.114 Thread 0x00000000022ad800 Threw 0x00000000eac36578 at C:\re\jdk7u79\2331\hotspot\src\share\vm\prims\jvm.cpp:1304
Event: 0.114 Thread 0x00000000022ad800 Threw 0x00000000eac38778 at C:\re\jdk7u79\2331\hotspot\src\share\vm\prims\jvm.cpp:1304
Event: 0.115 Thread 0x00000000022ad800 Threw 0x00000000eac3d390 at C:\re\jdk7u79\2331\hotspot\src\share\vm\prims\jvm.cpp:1304
Event: 0.115 Thread 0x00000000022ad800 Threw 0x00000000eac41860 at C:\re\jdk7u79\2331\hotspot\src\share\vm\prims\jvm.cpp:1304
Event: 0.116 Thread 0x00000000022ad800 Threw 0x00000000eac46308 at C:\re\jdk7u79\2331\hotspot\src\share\vm\prims\jvm.cpp:1304
Event: 0.116 Thread 0x00000000022ad800 Threw 0x00000000eac4a930 at C:\re\jdk7u79\2331\hotspot\src\share\vm\prims\jvm.cpp:1304
Event: 0.120 Thread 0x00000000022ad800 Threw 0x00000000eac51d88 at C:\re\jdk7u79\2331\hotspot\src\share\vm\prims\jvm.cpp:1304
Event: 0.121 Thread 0x00000000022ad800 Threw 0x00000000eac575b8 at C:\re\jdk7u79\2331\hotspot\src\share\vm\prims\jvm.cpp:1304
Event: 0.122 Thread 0x00000000022ad800 Threw 0x00000000eac59798 at C:\re\jdk7u79\2331\hotspot\src\share\vm\prims\jvm.cpp:1304

Events (10 events):
Event: 0.134 loading class 0x000000000220b980 done
Event: 0.134 loading class 0x0000000009b75d00
Event: 0.135 loading class 0x0000000009b75d00 done
Event: 0.135 loading class 0x0000000009b76200
Event: 0.135 loading class 0x0000000009b76200 done
Event: 0.135 loading class 0x0000000009b76240
Event: 0.135 loading class 0x0000000009b76240 done
Event: 0.135 loading class 0x0000000009b76350
Event: 0.135 loading class 0x0000000009b77170
Event: 0.135 loading class 0x0000000009b75d80


Dynamic libraries:
0x00007ff7a4530000 - 0x00007ff7a4563000 	C:\Program Files\Java\jdk1.7.0_79\bin\java.exe
0x00007ffc8a9a0000 - 0x00007ffc8ab62000 	C:\Windows\SYSTEM32\ntdll.dll
0x00007ffc89bb0000 - 0x00007ffc89c5d000 	C:\Windows\system32\KERNEL32.DLL
0x00007ffc87b50000 - 0x00007ffc87d2d000 	C:\Windows\system32\KERNELBASE.dll
0x00007ffc8a020000 - 0x00007ffc8a0c6000 	C:\Windows\system32\ADVAPI32.dll
0x00007ffc88080000 - 0x00007ffc8811d000 	C:\Windows\system32\msvcrt.dll
0x00007ffc8a230000 - 0x00007ffc8a28b000 	C:\Windows\system32\sechost.dll
0x00007ffc89ef0000 - 0x00007ffc8a016000 	C:\Windows\system32\RPCRT4.dll
0x00007ffc8a6c0000 - 0x00007ffc8a80e000 	C:\Windows\system32\USER32.dll
0x00007ffc8a810000 - 0x00007ffc8a996000 	C:\Windows\system32\GDI32.dll
0x00007ffc80b00000 - 0x00007ffc80d74000 	C:\Windows\WinSxS\amd64_microsoft.windows.common-controls_6595b64144ccf1df_6.0.10240.16384_none_f41f7b285750ef43\COMCTL32.dll
0x00007ffc89b10000 - 0x00007ffc89b46000 	C:\Windows\system32\IMM32.DLL
0x00007ffc8a0d0000 - 0x00007ffc8a22c000 	C:\Windows\system32\MSCTF.dll
0x00000000715a0000 - 0x0000000071672000 	C:\Program Files\Java\jdk1.7.0_79\jre\bin\msvcr100.dll
0x0000000071a30000 - 0x0000000072205000 	C:\Program Files\Java\jdk1.7.0_79\jre\bin\server\jvm.dll
0x00007ffc89710000 - 0x00007ffc89718000 	C:\Windows\system32\PSAPI.DLL
0x00007ffc7aec0000 - 0x00007ffc7aec9000 	C:\Windows\SYSTEM32\WSOCK32.dll
0x00007ffc89aa0000 - 0x00007ffc89b09000 	C:\Windows\system32\WS2_32.dll
0x00007ffc89ee0000 - 0x00007ffc89ee8000 	C:\Windows\system32\NSI.dll
0x00007ffc855c0000 - 0x00007ffc855e3000 	C:\Windows\SYSTEM32\WINMM.dll
0x00007ffc85250000 - 0x00007ffc8527c000 	C:\Windows\SYSTEM32\WINMMBASE.dll
0x00007ffc87e50000 - 0x00007ffc87e94000 	C:\Windows\system32\cfgmgr32.dll
0x00007ffc85ca0000 - 0x00007ffc85cc7000 	C:\Windows\SYSTEM32\DEVOBJ.dll
0x0000000071a20000 - 0x0000000071a2f000 	C:\Program Files\Java\jdk1.7.0_79\jre\bin\verify.dll
0x00000000719f0000 - 0x0000000071a18000 	C:\Program Files\Java\jdk1.7.0_79\jre\bin\java.dll
0x00000000719d0000 - 0x00000000719e5000 	C:\Program Files\Java\jdk1.7.0_79\jre\bin\zip.dll
0x00000000719b0000 - 0x00000000719ca000 	C:\Program Files\Java\jdk1.7.0_79\jre\bin\net.dll
0x0000000071990000 - 0x00000000719a1000 	C:\Program Files\Java\jdk1.7.0_79\jre\bin\nio.dll

VM Arguments:
jvm_args: -Djava.awt.headless=true -Xmx1024M -Dfile.encoding=windows-1252 -Duser.country=US -Duser.language=en -Duser.variant 
java_command: com.android.dx.command.Main --dex --num-threads=4 --output E:\IUIUCHATBOX\PixorAdmin\app\build\intermediates\pre-dexed\debug\com.google.firebase-firebase-database-9.2.1_ab4114956812fc34fc9e75f634306a5da64dad2e.jar E:\IUIUCHATBOX\PixorAdmin\app\build\intermediates\exploded-aar\com.google.firebase\firebase-database\9.2.1\jars\classes.jar
Launcher Type: SUN_STANDARD

Environment Variables:
PATH=C:\ProgramData\Oracle\Java\javapath;C:\Windows\system32;C:\Windows;C:\Windows\System32\Wbem;C:\Windows\System32\WindowsPowerShell\v1.0\;C:\Program Files\Microsoft SQL Server\110\Tools\Binn\;C:\Program Files (x86)\Skype\Phone\;C:\Program Files\Microsoft\Web Platform Installer\;C:\Program Files (x86)\Microsoft ASP.NET\ASP.NET Web Pages\v1.0\;C:\Program Files (x86)\Windows Kits\8.0\Windows Performance Toolkit\
USERNAME=HUZY_KAMZ
OS=Windows_NT
PROCESSOR_IDENTIFIER=Intel64 Family 6 Model 69 Stepping 1, GenuineIntel



---------------  S Y S T E M  ---------------

OS: Windows 8.1 , 64 bit Build 9600 

CPU:total 4 (2 cores per cpu, 2 threads per core) family 6 model 69 stepping 1, cmov, cx8, fxsr, mmx, sse, sse2, sse3, ssse3, sse4.1, sse4.2, popcnt, avx, avx2, aes, erms, ht, tsc, tscinvbit

Memory: 4k page, physical 8274284k(1229024k free), swap 8274284k(2260k free)

vm_info: Java HotSpot(TM) 64-Bit Server VM (24.79-b02) for windows-amd64 JRE (1.7.0_79-b15), built on Apr 10 2015 12:36:16 by "java_re" with unknown MS VC++:1600

time: Mon Oct 10 13:18:14 2016
elapsed time: 0 seconds

